CRITICAL - 2023-05-02 06:43:34 --> Undefined variable $messages
in APPPATH\Views\contactme.php on line 39.
 1 APPPATH\Views\contactme.php(39): CodeIgniter\Debug\Exceptions->errorHandler(2, 'Undefined variable $messages', 'C:\\xampp\\htdocs\\ci\\app\\Views\\contactme.php', 39)
 2 SYSTEMPATH\View\View.php(213): include('C:\\xampp\\htdocs\\ci\\app\\Views\\contactme.php')
 3 SYSTEMPATH\View\View.php(216): CodeIgniter\View\View->CodeIgniter\View\{closure}()
 4 SYSTEMPATH\Common.php(1184): CodeIgniter\View\View->render('contactme', [], true)
 5 APPPATH\Controllers\ContactMe.php(11): view('contactme')
 6 SYSTEMPATH\CodeIgniter.php(934): App\Controllers\ContactMe->index()
 7 SYSTEMPATH\CodeIgniter.php(499): CodeIgniter\CodeIgniter->runController(Object(App\Controllers\ContactMe))
 8 SYSTEMPATH\CodeIgniter.php(368): CodeIgniter\CodeIgniter->handleRequest(null, Object(Config\Cache), false)
 9 FCPATH\index.php(67): CodeIgniter\CodeIgniter->run()
CRITICAL - 2023-05-02 06:45:24 --> Undefined variable $messages
in APPPATH\Views\contactme.php on line 39.
 1 APPPATH\Views\contactme.php(39): CodeIgniter\Debug\Exceptions->errorHandler(2, 'Undefined variable $messages', 'C:\\xampp\\htdocs\\ci\\app\\Views\\contactme.php', 39)
 2 SYSTEMPATH\View\View.php(213): include('C:\\xampp\\htdocs\\ci\\app\\Views\\contactme.php')
 3 SYSTEMPATH\View\View.php(216): CodeIgniter\View\View->CodeIgniter\View\{closure}()
 4 SYSTEMPATH\Common.php(1184): CodeIgniter\View\View->render('contactme', [], true)
 5 APPPATH\Controllers\ContactMe.php(11): view('contactme')
 6 SYSTEMPATH\CodeIgniter.php(934): App\Controllers\ContactMe->index()
 7 SYSTEMPATH\CodeIgniter.php(499): CodeIgniter\CodeIgniter->runController(Object(App\Controllers\ContactMe))
 8 SYSTEMPATH\CodeIgniter.php(368): CodeIgniter\CodeIgniter->handleRequest(null, Object(Config\Cache), false)
 9 FCPATH\index.php(67): CodeIgniter\CodeIgniter->run()
CRITICAL - 2023-05-02 06:45:25 --> Undefined variable $messages
in APPPATH\Views\contactme.php on line 39.
 1 APPPATH\Views\contactme.php(39): CodeIgniter\Debug\Exceptions->errorHandler(2, 'Undefined variable $messages', 'C:\\xampp\\htdocs\\ci\\app\\Views\\contactme.php', 39)
 2 SYSTEMPATH\View\View.php(213): include('C:\\xampp\\htdocs\\ci\\app\\Views\\contactme.php')
 3 SYSTEMPATH\View\View.php(216): CodeIgniter\View\View->CodeIgniter\View\{closure}()
 4 SYSTEMPATH\Common.php(1184): CodeIgniter\View\View->render('contactme', [], true)
 5 APPPATH\Controllers\ContactMe.php(11): view('contactme')
 6 SYSTEMPATH\CodeIgniter.php(934): App\Controllers\ContactMe->index()
 7 SYSTEMPATH\CodeIgniter.php(499): CodeIgniter\CodeIgniter->runController(Object(App\Controllers\ContactMe))
 8 SYSTEMPATH\CodeIgniter.php(368): CodeIgniter\CodeIgniter->handleRequest(null, Object(Config\Cache), false)
 9 FCPATH\index.php(67): CodeIgniter\CodeIgniter->run()
CRITICAL - 2023-05-02 06:45:26 --> Undefined variable $messages
in APPPATH\Views\contactme.php on line 39.
 1 APPPATH\Views\contactme.php(39): CodeIgniter\Debug\Exceptions->errorHandler(2, 'Undefined variable $messages', 'C:\\xampp\\htdocs\\ci\\app\\Views\\contactme.php', 39)
 2 SYSTEMPATH\View\View.php(213): include('C:\\xampp\\htdocs\\ci\\app\\Views\\contactme.php')
 3 SYSTEMPATH\View\View.php(216): CodeIgniter\View\View->CodeIgniter\View\{closure}()
 4 SYSTEMPATH\Common.php(1184): CodeIgniter\View\View->render('contactme', [], true)
 5 APPPATH\Controllers\ContactMe.php(11): view('contactme')
 6 SYSTEMPATH\CodeIgniter.php(934): App\Controllers\ContactMe->index()
 7 SYSTEMPATH\CodeIgniter.php(499): CodeIgniter\CodeIgniter->runController(Object(App\Controllers\ContactMe))
 8 SYSTEMPATH\CodeIgniter.php(368): CodeIgniter\CodeIgniter->handleRequest(null, Object(Config\Cache), false)
 9 FCPATH\index.php(67): CodeIgniter\CodeIgniter->run()
CRITICAL - 2023-05-02 06:45:26 --> Undefined variable $messages
in APPPATH\Views\contactme.php on line 39.
 1 APPPATH\Views\contactme.php(39): CodeIgniter\Debug\Exceptions->errorHandler(2, 'Undefined variable $messages', 'C:\\xampp\\htdocs\\ci\\app\\Views\\contactme.php', 39)
 2 SYSTEMPATH\View\View.php(213): include('C:\\xampp\\htdocs\\ci\\app\\Views\\contactme.php')
 3 SYSTEMPATH\View\View.php(216): CodeIgniter\View\View->CodeIgniter\View\{closure}()
 4 SYSTEMPATH\Common.php(1184): CodeIgniter\View\View->render('contactme', [], true)
 5 APPPATH\Controllers\ContactMe.php(11): view('contactme')
 6 SYSTEMPATH\CodeIgniter.php(934): App\Controllers\ContactMe->index()
 7 SYSTEMPATH\CodeIgniter.php(499): CodeIgniter\CodeIgniter->runController(Object(App\Controllers\ContactMe))
 8 SYSTEMPATH\CodeIgniter.php(368): CodeIgniter\CodeIgniter->handleRequest(null, Object(Config\Cache), false)
 9 FCPATH\index.php(67): CodeIgniter\CodeIgniter->run()
CRITICAL - 2023-05-02 06:45:27 --> Undefined variable $messages
in APPPATH\Views\contactme.php on line 39.
 1 APPPATH\Views\contactme.php(39): CodeIgniter\Debug\Exceptions->errorHandler(2, 'Undefined variable $messages', 'C:\\xampp\\htdocs\\ci\\app\\Views\\contactme.php', 39)
 2 SYSTEMPATH\View\View.php(213): include('C:\\xampp\\htdocs\\ci\\app\\Views\\contactme.php')
 3 SYSTEMPATH\View\View.php(216): CodeIgniter\View\View->CodeIgniter\View\{closure}()
 4 SYSTEMPATH\Common.php(1184): CodeIgniter\View\View->render('contactme', [], true)
 5 APPPATH\Controllers\ContactMe.php(11): view('contactme')
 6 SYSTEMPATH\CodeIgniter.php(934): App\Controllers\ContactMe->index()
 7 SYSTEMPATH\CodeIgniter.php(499): CodeIgniter\CodeIgniter->runController(Object(App\Controllers\ContactMe))
 8 SYSTEMPATH\CodeIgniter.php(368): CodeIgniter\CodeIgniter->handleRequest(null, Object(Config\Cache), false)
 9 FCPATH\index.php(67): CodeIgniter\CodeIgniter->run()
CRITICAL - 2023-05-02 06:45:27 --> Undefined variable $messages
in APPPATH\Views\contactme.php on line 39.
 1 APPPATH\Views\contactme.php(39): CodeIgniter\Debug\Exceptions->errorHandler(2, 'Undefined variable $messages', 'C:\\xampp\\htdocs\\ci\\app\\Views\\contactme.php', 39)
 2 SYSTEMPATH\View\View.php(213): include('C:\\xampp\\htdocs\\ci\\app\\Views\\contactme.php')
 3 SYSTEMPATH\View\View.php(216): CodeIgniter\View\View->CodeIgniter\View\{closure}()
 4 SYSTEMPATH\Common.php(1184): CodeIgniter\View\View->render('contactme', [], true)
 5 APPPATH\Controllers\ContactMe.php(11): view('contactme')
 6 SYSTEMPATH\CodeIgniter.php(934): App\Controllers\ContactMe->index()
 7 SYSTEMPATH\CodeIgniter.php(499): CodeIgniter\CodeIgniter->runController(Object(App\Controllers\ContactMe))
 8 SYSTEMPATH\CodeIgniter.php(368): CodeIgniter\CodeIgniter->handleRequest(null, Object(Config\Cache), false)
 9 FCPATH\index.php(67): CodeIgniter\CodeIgniter->run()
CRITICAL - 2023-05-02 09:31:03 --> Invalid file: "contactme.php"
in SYSTEMPATH\Exceptions\FrameworkException.php on line 33.
 1 SYSTEMPATH\View\View.php(201): CodeIgniter\Exceptions\FrameworkException::forInvalidFile('contactme.php')
 2 SYSTEMPATH\Common.php(1184): CodeIgniter\View\View->render('contactme', [], true)
 3 APPPATH\Controllers\ContactMe.php(11): view('contactme')
 4 SYSTEMPATH\CodeIgniter.php(934): App\Controllers\ContactMe->index()
 5 SYSTEMPATH\CodeIgniter.php(499): CodeIgniter\CodeIgniter->runController(Object(App\Controllers\ContactMe))
 6 SYSTEMPATH\CodeIgniter.php(368): CodeIgniter\CodeIgniter->handleRequest(null, Object(Config\Cache), false)
 7 FCPATH\index.php(67): CodeIgniter\CodeIgniter->run()
CRITICAL - 2023-05-02 09:31:51 --> Invalid file: "contactme.php"
in SYSTEMPATH\Exceptions\FrameworkException.php on line 33.
 1 SYSTEMPATH\View\View.php(201): CodeIgniter\Exceptions\FrameworkException::forInvalidFile('contactme.php')
 2 SYSTEMPATH\Common.php(1184): CodeIgniter\View\View->render('contactme', [], true)
 3 APPPATH\Controllers\ContactMe.php(11): view('contactme')
 4 SYSTEMPATH\CodeIgniter.php(934): App\Controllers\ContactMe->index()
 5 SYSTEMPATH\CodeIgniter.php(499): CodeIgniter\CodeIgniter->runController(Object(App\Controllers\ContactMe))
 6 SYSTEMPATH\CodeIgniter.php(368): CodeIgniter\CodeIgniter->handleRequest(null, Object(Config\Cache), false)
 7 FCPATH\index.php(67): CodeIgniter\CodeIgniter->run()
CRITICAL - 2023-05-02 09:31:53 --> Invalid file: "contactme.php"
in SYSTEMPATH\Exceptions\FrameworkException.php on line 33.
 1 SYSTEMPATH\View\View.php(201): CodeIgniter\Exceptions\FrameworkException::forInvalidFile('contactme.php')
 2 SYSTEMPATH\Common.php(1184): CodeIgniter\View\View->render('contactme', [], true)
 3 APPPATH\Controllers\ContactMe.php(11): view('contactme')
 4 SYSTEMPATH\CodeIgniter.php(934): App\Controllers\ContactMe->index()
 5 SYSTEMPATH\CodeIgniter.php(499): CodeIgniter\CodeIgniter->runController(Object(App\Controllers\ContactMe))
 6 SYSTEMPATH\CodeIgniter.php(368): CodeIgniter\CodeIgniter->handleRequest(null, Object(Config\Cache), false)
 7 FCPATH\index.php(67): CodeIgniter\CodeIgniter->run()
CRITICAL - 2023-05-02 09:32:44 --> Undefined variable $messages
in APPPATH\Views\contact\contactme.php on line 39.
 1 APPPATH\Views\contact\contactme.php(39): CodeIgniter\Debug\Exceptions->errorHandler(2, 'Undefined variable $messages', 'C:\\xampp\\htdocs\\ci\\app\\Views\\contact\\contactme.php', 39)
 2 SYSTEMPATH\View\View.php(213): include('C:\\xampp\\htdocs\\ci\\app\\Views\\contact\\contactme.php')
 3 SYSTEMPATH\View\View.php(216): CodeIgniter\View\View->CodeIgniter\View\{closure}()
 4 SYSTEMPATH\Common.php(1184): CodeIgniter\View\View->render('contact/contactme', [], true)
 5 APPPATH\Controllers\ContactMe.php(11): view('contact/contactme')
 6 SYSTEMPATH\CodeIgniter.php(934): App\Controllers\ContactMe->index()
 7 SYSTEMPATH\CodeIgniter.php(499): CodeIgniter\CodeIgniter->runController(Object(App\Controllers\ContactMe))
 8 SYSTEMPATH\CodeIgniter.php(368): CodeIgniter\CodeIgniter->handleRequest(null, Object(Config\Cache), false)
 9 FCPATH\index.php(67): CodeIgniter\CodeIgniter->run()
CRITICAL - 2023-05-02 09:38:41 --> Undefined variable $messages
in APPPATH\Views\contact\contactme.php on line 39.
 1 APPPATH\Views\contact\contactme.php(39): CodeIgniter\Debug\Exceptions->errorHandler(2, 'Undefined variable $messages', 'C:\\xampp\\htdocs\\ci\\app\\Views\\contact\\contactme.php', 39)
 2 SYSTEMPATH\View\View.php(213): include('C:\\xampp\\htdocs\\ci\\app\\Views\\contact\\contactme.php')
 3 SYSTEMPATH\View\View.php(216): CodeIgniter\View\View->CodeIgniter\View\{closure}()
 4 SYSTEMPATH\Common.php(1184): CodeIgniter\View\View->render('contact/contactme', [], true)
 5 APPPATH\Controllers\ContactMe.php(11): view('contact/contactme')
 6 SYSTEMPATH\CodeIgniter.php(934): App\Controllers\ContactMe->index()
 7 SYSTEMPATH\CodeIgniter.php(499): CodeIgniter\CodeIgniter->runController(Object(App\Controllers\ContactMe))
 8 SYSTEMPATH\CodeIgniter.php(368): CodeIgniter\CodeIgniter->handleRequest(null, Object(Config\Cache), false)
 9 FCPATH\index.php(67): CodeIgniter\CodeIgniter->run()
CRITICAL - 2023-05-02 09:38:42 --> Undefined variable $messages
in APPPATH\Views\contact\contactme.php on line 39.
 1 APPPATH\Views\contact\contactme.php(39): CodeIgniter\Debug\Exceptions->errorHandler(2, 'Undefined variable $messages', 'C:\\xampp\\htdocs\\ci\\app\\Views\\contact\\contactme.php', 39)
 2 SYSTEMPATH\View\View.php(213): include('C:\\xampp\\htdocs\\ci\\app\\Views\\contact\\contactme.php')
 3 SYSTEMPATH\View\View.php(216): CodeIgniter\View\View->CodeIgniter\View\{closure}()
 4 SYSTEMPATH\Common.php(1184): CodeIgniter\View\View->render('contact/contactme', [], true)
 5 APPPATH\Controllers\ContactMe.php(11): view('contact/contactme')
 6 SYSTEMPATH\CodeIgniter.php(934): App\Controllers\ContactMe->index()
 7 SYSTEMPATH\CodeIgniter.php(499): CodeIgniter\CodeIgniter->runController(Object(App\Controllers\ContactMe))
 8 SYSTEMPATH\CodeIgniter.php(368): CodeIgniter\CodeIgniter->handleRequest(null, Object(Config\Cache), false)
 9 FCPATH\index.php(67): CodeIgniter\CodeIgniter->run()
CRITICAL - 2023-05-02 09:38:43 --> Undefined variable $messages
in APPPATH\Views\contact\contactme.php on line 39.
 1 APPPATH\Views\contact\contactme.php(39): CodeIgniter\Debug\Exceptions->errorHandler(2, 'Undefined variable $messages', 'C:\\xampp\\htdocs\\ci\\app\\Views\\contact\\contactme.php', 39)
 2 SYSTEMPATH\View\View.php(213): include('C:\\xampp\\htdocs\\ci\\app\\Views\\contact\\contactme.php')
 3 SYSTEMPATH\View\View.php(216): CodeIgniter\View\View->CodeIgniter\View\{closure}()
 4 SYSTEMPATH\Common.php(1184): CodeIgniter\View\View->render('contact/contactme', [], true)
 5 APPPATH\Controllers\ContactMe.php(11): view('contact/contactme')
 6 SYSTEMPATH\CodeIgniter.php(934): App\Controllers\ContactMe->index()
 7 SYSTEMPATH\CodeIgniter.php(499): CodeIgniter\CodeIgniter->runController(Object(App\Controllers\ContactMe))
 8 SYSTEMPATH\CodeIgniter.php(368): CodeIgniter\CodeIgniter->handleRequest(null, Object(Config\Cache), false)
 9 FCPATH\index.php(67): CodeIgniter\CodeIgniter->run()
CRITICAL - 2023-05-02 09:38:43 --> Undefined variable $messages
in APPPATH\Views\contact\contactme.php on line 39.
 1 APPPATH\Views\contact\contactme.php(39): CodeIgniter\Debug\Exceptions->errorHandler(2, 'Undefined variable $messages', 'C:\\xampp\\htdocs\\ci\\app\\Views\\contact\\contactme.php', 39)
 2 SYSTEMPATH\View\View.php(213): include('C:\\xampp\\htdocs\\ci\\app\\Views\\contact\\contactme.php')
 3 SYSTEMPATH\View\View.php(216): CodeIgniter\View\View->CodeIgniter\View\{closure}()
 4 SYSTEMPATH\Common.php(1184): CodeIgniter\View\View->render('contact/contactme', [], true)
 5 APPPATH\Controllers\ContactMe.php(11): view('contact/contactme')
 6 SYSTEMPATH\CodeIgniter.php(934): App\Controllers\ContactMe->index()
 7 SYSTEMPATH\CodeIgniter.php(499): CodeIgniter\CodeIgniter->runController(Object(App\Controllers\ContactMe))
 8 SYSTEMPATH\CodeIgniter.php(368): CodeIgniter\CodeIgniter->handleRequest(null, Object(Config\Cache), false)
 9 FCPATH\index.php(67): CodeIgniter\CodeIgniter->run()
CRITICAL - 2023-05-02 10:06:09 --> Undefined variable $messages
in APPPATH\Views\cc.php on line 39.
 1 APPPATH\Views\cc.php(39): CodeIgniter\Debug\Exceptions->errorHandler(2, 'Undefined variable $messages', 'C:\\xampp\\htdocs\\ci\\app\\Views\\cc.php', 39)
 2 SYSTEMPATH\View\View.php(213): include('C:\\xampp\\htdocs\\ci\\app\\Views\\cc.php')
 3 SYSTEMPATH\View\View.php(216): CodeIgniter\View\View->CodeIgniter\View\{closure}()
 4 SYSTEMPATH\Common.php(1184): CodeIgniter\View\View->render('cc', [], true)
 5 APPPATH\Controllers\ContactMe.php(11): view('cc')
 6 SYSTEMPATH\CodeIgniter.php(934): App\Controllers\ContactMe->index()
 7 SYSTEMPATH\CodeIgniter.php(499): CodeIgniter\CodeIgniter->runController(Object(App\Controllers\ContactMe))
 8 SYSTEMPATH\CodeIgniter.php(368): CodeIgniter\CodeIgniter->handleRequest(null, Object(Config\Cache), false)
 9 FCPATH\index.php(67): CodeIgniter\CodeIgniter->run()
CRITICAL - 2023-05-02 10:06:53 --> Undefined variable $messages
in APPPATH\Views\cc.php on line 39.
 1 APPPATH\Views\cc.php(39): CodeIgniter\Debug\Exceptions->errorHandler(2, 'Undefined variable $messages', 'C:\\xampp\\htdocs\\ci\\app\\Views\\cc.php', 39)
 2 SYSTEMPATH\View\View.php(213): include('C:\\xampp\\htdocs\\ci\\app\\Views\\cc.php')
 3 SYSTEMPATH\View\View.php(216): CodeIgniter\View\View->CodeIgniter\View\{closure}()
 4 SYSTEMPATH\Common.php(1184): CodeIgniter\View\View->render('cc', [], true)
 5 APPPATH\Controllers\ContactMe.php(11): view('cc')
 6 SYSTEMPATH\CodeIgniter.php(934): App\Controllers\ContactMe->index()
 7 SYSTEMPATH\CodeIgniter.php(499): CodeIgniter\CodeIgniter->runController(Object(App\Controllers\ContactMe))
 8 SYSTEMPATH\CodeIgniter.php(368): CodeIgniter\CodeIgniter->handleRequest(null, Object(Config\Cache), false)
 9 FCPATH\index.php(67): CodeIgniter\CodeIgniter->run()
CRITICAL - 2023-05-02 10:06:55 --> Undefined variable $messages
in APPPATH\Views\cc.php on line 39.
 1 APPPATH\Views\cc.php(39): CodeIgniter\Debug\Exceptions->errorHandler(2, 'Undefined variable $messages', 'C:\\xampp\\htdocs\\ci\\app\\Views\\cc.php', 39)
 2 SYSTEMPATH\View\View.php(213): include('C:\\xampp\\htdocs\\ci\\app\\Views\\cc.php')
 3 SYSTEMPATH\View\View.php(216): CodeIgniter\View\View->CodeIgniter\View\{closure}()
 4 SYSTEMPATH\Common.php(1184): CodeIgniter\View\View->render('cc', [], true)
 5 APPPATH\Controllers\ContactMe.php(11): view('cc')
 6 SYSTEMPATH\CodeIgniter.php(934): App\Controllers\ContactMe->index()
 7 SYSTEMPATH\CodeIgniter.php(499): CodeIgniter\CodeIgniter->runController(Object(App\Controllers\ContactMe))
 8 SYSTEMPATH\CodeIgniter.php(368): CodeIgniter\CodeIgniter->handleRequest(null, Object(Config\Cache), false)
 9 FCPATH\index.php(67): CodeIgniter\CodeIgniter->run()
CRITICAL - 2023-05-02 13:55:13 --> Undefined constant "App\Controllers\contactme"
in APPPATH\Controllers\ContactMe.php on line 25.
 1 SYSTEMPATH\CodeIgniter.php(934): App\Controllers\ContactMe->insert()
 2 SYSTEMPATH\CodeIgniter.php(499): CodeIgniter\CodeIgniter->runController(Object(App\Controllers\ContactMe))
 3 SYSTEMPATH\CodeIgniter.php(368): CodeIgniter\CodeIgniter->handleRequest(null, Object(Config\Cache), false)
 4 FCPATH\index.php(67): CodeIgniter\CodeIgniter->run()
CRITICAL - 2023-05-02 14:00:58 --> The route for "contact" cannot be found.
in SYSTEMPATH\HTTP\RedirectResponse.php on line 60.
 1 SYSTEMPATH\HTTP\RedirectResponse.php(60): CodeIgniter\HTTP\Exceptions\HTTPException::forInvalidRedirectRoute('contact')
 2 SYSTEMPATH\Common.php(880): CodeIgniter\HTTP\RedirectResponse->route(false)
 3 APPPATH\Controllers\ContactMe.php(26): redirect('contact')
 4 SYSTEMPATH\CodeIgniter.php(934): App\Controllers\ContactMe->insert()
 5 SYSTEMPATH\CodeIgniter.php(499): CodeIgniter\CodeIgniter->runController(Object(App\Controllers\ContactMe))
 6 SYSTEMPATH\CodeIgniter.php(368): CodeIgniter\CodeIgniter->handleRequest(null, Object(Config\Cache), false)
 7 FCPATH\index.php(67): CodeIgniter\CodeIgniter->run()
ERROR - 2023-05-02 14:01:54 --> mysqli_sql_exception: Duplicate entry 'jayka' for key 'PRIMARY' in C:\xampp\htdocs\ci\system\Database\MySQLi\Connection.php:295
Stack trace:
#0 C:\xampp\htdocs\ci\system\Database\MySQLi\Connection.php(295): mysqli->query('INSERT INTO `ti...', 0)
#1 C:\xampp\htdocs\ci\system\Database\BaseConnection.php(691): CodeIgniter\Database\MySQLi\Connection->execute('INSERT INTO `ti...')
#2 C:\xampp\htdocs\ci\system\Database\BaseConnection.php(605): CodeIgniter\Database\BaseConnection->simpleQuery('INSERT INTO `ti...')
#3 C:\xampp\htdocs\ci\system\Database\BaseBuilder.php(2309): CodeIgniter\Database\BaseConnection->query('INSERT INTO `ti...', Array, false)
#4 C:\xampp\htdocs\ci\app\Controllers\ContactMe.php(24): CodeIgniter\Database\BaseBuilder->insert(Array)
#5 C:\xampp\htdocs\ci\system\CodeIgniter.php(934): App\Controllers\ContactMe->insert()
#6 C:\xampp\htdocs\ci\system\CodeIgniter.php(499): CodeIgniter\CodeIgniter->runController(Object(App\Controllers\ContactMe))
#7 C:\xampp\htdocs\ci\system\CodeIgniter.php(368): CodeIgniter\CodeIgniter->handleRequest(NULL, Object(Config\Cache), false)
#8 C:\xampp\htdocs\ci\public\index.php(67): CodeIgniter\CodeIgniter->run()
#9 {main}
CRITICAL - 2023-05-02 14:01:54 --> Duplicate entry 'jayka' for key 'PRIMARY'
in SYSTEMPATH\Database\MySQLi\Connection.php on line 295.
 1 SYSTEMPATH\Database\MySQLi\Connection.php(295): mysqli->query('INSERT INTO `timed` (`username`, `email`, `phone`, `messages`) VALUES (\'jayka\', \'franz@gmail.com\', \'09876564534\', \'eeeeeehhh\')', 0)
 2 SYSTEMPATH\Database\BaseConnection.php(691): CodeIgniter\Database\MySQLi\Connection->execute('INSERT INTO `timed` (`username`, `email`, `phone`, `messages`) VALUES (\'jayka\', \'franz@gmail.com\', \'09876564534\', \'eeeeeehhh\')')
 3 SYSTEMPATH\Database\BaseConnection.php(605): CodeIgniter\Database\BaseConnection->simpleQuery('INSERT INTO `timed` (`username`, `email`, `phone`, `messages`) VALUES (\'jayka\', \'franz@gmail.com\', \'09876564534\', \'eeeeeehhh\')')
 4 SYSTEMPATH\Database\BaseBuilder.php(2309): CodeIgniter\Database\BaseConnection->query('INSERT INTO `timed` (`username`, `email`, `phone`, `messages`) VALUES (:username:, :email:, :phone:, :messages:)', [...], false)
 5 APPPATH\Controllers\ContactMe.php(24): CodeIgniter\Database\BaseBuilder->insert([...])
 6 SYSTEMPATH\CodeIgniter.php(934): App\Controllers\ContactMe->insert()
 7 SYSTEMPATH\CodeIgniter.php(499): CodeIgniter\CodeIgniter->runController(Object(App\Controllers\ContactMe))
 8 SYSTEMPATH\CodeIgniter.php(368): CodeIgniter\CodeIgniter->handleRequest(null, Object(Config\Cache), false)
 9 FCPATH\index.php(67): CodeIgniter\CodeIgniter->run()
CRITICAL - 2023-05-02 14:29:42 --> Call to undefined method App\Models\MaModel::getData
in SYSTEMPATH\Model.php on line 842.
 1 APPPATH\Controllers\Message.php(12): CodeIgniter\Model->__call('getData', [])
 2 SYSTEMPATH\CodeIgniter.php(934): App\Controllers\Message->index()
 3 SYSTEMPATH\CodeIgniter.php(499): CodeIgniter\CodeIgniter->runController(Object(App\Controllers\Message))
 4 SYSTEMPATH\CodeIgniter.php(368): CodeIgniter\CodeIgniter->handleRequest(null, Object(Config\Cache), false)
 5 FCPATH\index.php(67): CodeIgniter\CodeIgniter->run()
CRITICAL - 2023-05-02 14:29:45 --> Call to undefined method App\Models\MaModel::getData
in SYSTEMPATH\Model.php on line 842.
 1 APPPATH\Controllers\Message.php(12): CodeIgniter\Model->__call('getData', [])
 2 SYSTEMPATH\CodeIgniter.php(934): App\Controllers\Message->index()
 3 SYSTEMPATH\CodeIgniter.php(499): CodeIgniter\CodeIgniter->runController(Object(App\Controllers\Message))
 4 SYSTEMPATH\CodeIgniter.php(368): CodeIgniter\CodeIgniter->handleRequest(null, Object(Config\Cache), false)
 5 FCPATH\index.php(67): CodeIgniter\CodeIgniter->run()
CRITICAL - 2023-05-02 14:29:47 --> Call to undefined method App\Models\MaModel::getData
in SYSTEMPATH\Model.php on line 842.
 1 APPPATH\Controllers\Message.php(12): CodeIgniter\Model->__call('getData', [])
 2 SYSTEMPATH\CodeIgniter.php(934): App\Controllers\Message->index()
 3 SYSTEMPATH\CodeIgniter.php(499): CodeIgniter\CodeIgniter->runController(Object(App\Controllers\Message))
 4 SYSTEMPATH\CodeIgniter.php(368): CodeIgniter\CodeIgniter->handleRequest(null, Object(Config\Cache), false)
 5 FCPATH\index.php(67): CodeIgniter\CodeIgniter->run()
CRITICAL - 2023-05-02 14:29:47 --> Call to undefined method App\Models\MaModel::getData
in SYSTEMPATH\Model.php on line 842.
 1 APPPATH\Controllers\Message.php(12): CodeIgniter\Model->__call('getData', [])
 2 SYSTEMPATH\CodeIgniter.php(934): App\Controllers\Message->index()
 3 SYSTEMPATH\CodeIgniter.php(499): CodeIgniter\CodeIgniter->runController(Object(App\Controllers\Message))
 4 SYSTEMPATH\CodeIgniter.php(368): CodeIgniter\CodeIgniter->handleRequest(null, Object(Config\Cache), false)
 5 FCPATH\index.php(67): CodeIgniter\CodeIgniter->run()
CRITICAL - 2023-05-02 14:30:37 --> Call to undefined method App\Models\MaModel::getData
in SYSTEMPATH\Model.php on line 842.
 1 APPPATH\Controllers\Message.php(12): CodeIgniter\Model->__call('getData', [])
 2 SYSTEMPATH\CodeIgniter.php(934): App\Controllers\Message->index()
 3 SYSTEMPATH\CodeIgniter.php(499): CodeIgniter\CodeIgniter->runController(Object(App\Controllers\Message))
 4 SYSTEMPATH\CodeIgniter.php(368): CodeIgniter\CodeIgniter->handleRequest(null, Object(Config\Cache), false)
 5 FCPATH\index.php(67): CodeIgniter\CodeIgniter->run()
CRITICAL - 2023-05-02 14:30:38 --> Call to undefined method App\Models\MaModel::getData
in SYSTEMPATH\Model.php on line 842.
 1 APPPATH\Controllers\Message.php(12): CodeIgniter\Model->__call('getData', [])
 2 SYSTEMPATH\CodeIgniter.php(934): App\Controllers\Message->index()
 3 SYSTEMPATH\CodeIgniter.php(499): CodeIgniter\CodeIgniter->runController(Object(App\Controllers\Message))
 4 SYSTEMPATH\CodeIgniter.php(368): CodeIgniter\CodeIgniter->handleRequest(null, Object(Config\Cache), false)
 5 FCPATH\index.php(67): CodeIgniter\CodeIgniter->run()
CRITICAL - 2023-05-02 14:30:39 --> Call to undefined method App\Models\MaModel::getData
in SYSTEMPATH\Model.php on line 842.
 1 APPPATH\Controllers\Message.php(12): CodeIgniter\Model->__call('getData', [])
 2 SYSTEMPATH\CodeIgniter.php(934): App\Controllers\Message->index()
 3 SYSTEMPATH\CodeIgniter.php(499): CodeIgniter\CodeIgniter->runController(Object(App\Controllers\Message))
 4 SYSTEMPATH\CodeIgniter.php(368): CodeIgniter\CodeIgniter->handleRequest(null, Object(Config\Cache), false)
 5 FCPATH\index.php(67): CodeIgniter\CodeIgniter->run()
CRITICAL - 2023-05-02 14:33:16 --> Call to undefined method App\Models\MaModel::getData
in SYSTEMPATH\Model.php on line 842.
 1 APPPATH\Controllers\Message.php(12): CodeIgniter\Model->__call('getData', [])
 2 SYSTEMPATH\CodeIgniter.php(934): App\Controllers\Message->index()
 3 SYSTEMPATH\CodeIgniter.php(499): CodeIgniter\CodeIgniter->runController(Object(App\Controllers\Message))
 4 SYSTEMPATH\CodeIgniter.php(368): CodeIgniter\CodeIgniter->handleRequest(null, Object(Config\Cache), false)
 5 FCPATH\index.php(67): CodeIgniter\CodeIgniter->run()
CRITICAL - 2023-05-02 14:33:17 --> Call to undefined method App\Models\MaModel::getData
in SYSTEMPATH\Model.php on line 842.
 1 APPPATH\Controllers\Message.php(12): CodeIgniter\Model->__call('getData', [])
 2 SYSTEMPATH\CodeIgniter.php(934): App\Controllers\Message->index()
 3 SYSTEMPATH\CodeIgniter.php(499): CodeIgniter\CodeIgniter->runController(Object(App\Controllers\Message))
 4 SYSTEMPATH\CodeIgniter.php(368): CodeIgniter\CodeIgniter->handleRequest(null, Object(Config\Cache), false)
 5 FCPATH\index.php(67): CodeIgniter\CodeIgniter->run()
CRITICAL - 2023-05-02 14:33:17 --> Call to undefined method App\Models\MaModel::getData
in SYSTEMPATH\Model.php on line 842.
 1 APPPATH\Controllers\Message.php(12): CodeIgniter\Model->__call('getData', [])
 2 SYSTEMPATH\CodeIgniter.php(934): App\Controllers\Message->index()
 3 SYSTEMPATH\CodeIgniter.php(499): CodeIgniter\CodeIgniter->runController(Object(App\Controllers\Message))
 4 SYSTEMPATH\CodeIgniter.php(368): CodeIgniter\CodeIgniter->handleRequest(null, Object(Config\Cache), false)
 5 FCPATH\index.php(67): CodeIgniter\CodeIgniter->run()
CRITICAL - 2023-05-02 15:00:18 --> Undefined property: CodeIgniter\View\View::$db
in APPPATH\Views\message.php on line 36.
 1 APPPATH\Views\message.php(36): CodeIgniter\Debug\Exceptions->errorHandler(2, 'Undefined property: CodeIgniter\\View\\View::$db', 'C:\\xampp\\htdocs\\ci\\app\\Views\\message.php', 36)
 2 SYSTEMPATH\View\View.php(213): include('C:\\xampp\\htdocs\\ci\\app\\Views\\message.php')
 3 SYSTEMPATH\View\View.php(216): CodeIgniter\View\View->CodeIgniter\View\{closure}()
 4 SYSTEMPATH\Common.php(1184): CodeIgniter\View\View->render('message', [], true)
 5 APPPATH\Controllers\Message.php(15): view('message', [...])
 6 SYSTEMPATH\CodeIgniter.php(934): App\Controllers\Message->index()
 7 SYSTEMPATH\CodeIgniter.php(499): CodeIgniter\CodeIgniter->runController(Object(App\Controllers\Message))
 8 SYSTEMPATH\CodeIgniter.php(368): CodeIgniter\CodeIgniter->handleRequest(null, Object(Config\Cache), false)
 9 FCPATH\index.php(67): CodeIgniter\CodeIgniter->run()
CRITICAL - 2023-05-02 15:01:20 --> Undefined property: CodeIgniter\View\View::$messages
in APPPATH\Views\message.php on line 36.
 1 APPPATH\Views\message.php(36): CodeIgniter\Debug\Exceptions->errorHandler(2, 'Undefined property: CodeIgniter\\View\\View::$messages', 'C:\\xampp\\htdocs\\ci\\app\\Views\\message.php', 36)
 2 SYSTEMPATH\View\View.php(213): include('C:\\xampp\\htdocs\\ci\\app\\Views\\message.php')
 3 SYSTEMPATH\View\View.php(216): CodeIgniter\View\View->CodeIgniter\View\{closure}()
 4 SYSTEMPATH\Common.php(1184): CodeIgniter\View\View->render('message', [], true)
 5 APPPATH\Controllers\Message.php(15): view('message', [...])
 6 SYSTEMPATH\CodeIgniter.php(934): App\Controllers\Message->index()
 7 SYSTEMPATH\CodeIgniter.php(499): CodeIgniter\CodeIgniter->runController(Object(App\Controllers\Message))
 8 SYSTEMPATH\CodeIgniter.php(368): CodeIgniter\CodeIgniter->handleRequest(null, Object(Config\Cache), false)
 9 FCPATH\index.php(67): CodeIgniter\CodeIgniter->run()
CRITICAL - 2023-05-02 15:01:22 --> Undefined property: CodeIgniter\View\View::$messages
in APPPATH\Views\message.php on line 36.
 1 APPPATH\Views\message.php(36): CodeIgniter\Debug\Exceptions->errorHandler(2, 'Undefined property: CodeIgniter\\View\\View::$messages', 'C:\\xampp\\htdocs\\ci\\app\\Views\\message.php', 36)
 2 SYSTEMPATH\View\View.php(213): include('C:\\xampp\\htdocs\\ci\\app\\Views\\message.php')
 3 SYSTEMPATH\View\View.php(216): CodeIgniter\View\View->CodeIgniter\View\{closure}()
 4 SYSTEMPATH\Common.php(1184): CodeIgniter\View\View->render('message', [], true)
 5 APPPATH\Controllers\Message.php(15): view('message', [...])
 6 SYSTEMPATH\CodeIgniter.php(934): App\Controllers\Message->index()
 7 SYSTEMPATH\CodeIgniter.php(499): CodeIgniter\CodeIgniter->runController(Object(App\Controllers\Message))
 8 SYSTEMPATH\CodeIgniter.php(368): CodeIgniter\CodeIgniter->handleRequest(null, Object(Config\Cache), false)
 9 FCPATH\index.php(67): CodeIgniter\CodeIgniter->run()
CRITICAL - 2023-05-02 15:01:40 --> Undefined property: CodeIgniter\View\View::$table
in APPPATH\Views\message.php on line 36.
 1 APPPATH\Views\message.php(36): CodeIgniter\Debug\Exceptions->errorHandler(2, 'Undefined property: CodeIgniter\\View\\View::$table', 'C:\\xampp\\htdocs\\ci\\app\\Views\\message.php', 36)
 2 SYSTEMPATH\View\View.php(213): include('C:\\xampp\\htdocs\\ci\\app\\Views\\message.php')
 3 SYSTEMPATH\View\View.php(216): CodeIgniter\View\View->CodeIgniter\View\{closure}()
 4 SYSTEMPATH\Common.php(1184): CodeIgniter\View\View->render('message', [], true)
 5 APPPATH\Controllers\Message.php(15): view('message', [...])
 6 SYSTEMPATH\CodeIgniter.php(934): App\Controllers\Message->index()
 7 SYSTEMPATH\CodeIgniter.php(499): CodeIgniter\CodeIgniter->runController(Object(App\Controllers\Message))
 8 SYSTEMPATH\CodeIgniter.php(368): CodeIgniter\CodeIgniter->handleRequest(null, Object(Config\Cache), false)
 9 FCPATH\index.php(67): CodeIgniter\CodeIgniter->run()
CRITICAL - 2023-05-02 15:03:02 --> Undefined variable $builder
in APPPATH\Views\message.php on line 6.
 1 APPPATH\Views\message.php(6): CodeIgniter\Debug\Exceptions->errorHandler(2, 'Undefined variable $builder', 'C:\\xampp\\htdocs\\ci\\app\\Views\\message.php', 6)
 2 SYSTEMPATH\View\View.php(213): include('C:\\xampp\\htdocs\\ci\\app\\Views\\message.php')
 3 SYSTEMPATH\View\View.php(216): CodeIgniter\View\View->CodeIgniter\View\{closure}()
 4 SYSTEMPATH\Common.php(1184): CodeIgniter\View\View->render('message', [], true)
 5 APPPATH\Controllers\Message.php(14): view('message', [...])
 6 SYSTEMPATH\CodeIgniter.php(934): App\Controllers\Message->index()
 7 SYSTEMPATH\CodeIgniter.php(499): CodeIgniter\CodeIgniter->runController(Object(App\Controllers\Message))
 8 SYSTEMPATH\CodeIgniter.php(368): CodeIgniter\CodeIgniter->handleRequest(null, Object(Config\Cache), false)
 9 FCPATH\index.php(67): CodeIgniter\CodeIgniter->run()
CRITICAL - 2023-05-02 15:05:01 --> Array to string conversion
in SYSTEMPATH\Database\Query.php on line 329.
 1 [internal function]: CodeIgniter\Debug\Exceptions->errorHandler(2, 'Array to string conversion', 'C:\\xampp\\htdocs\\ci\\system\\Database\\Query.php', 329)
 2 SYSTEMPATH\Database\Query.php(329): implode(',', [...])
 3 SYSTEMPATH\Database\Query.php(310): CodeIgniter\Database\Query->matchNamedBinds('INSERT INTO `timed` (`messages`) VALUES (:messages:)', [...])
 4 SYSTEMPATH\Database\Query.php(159): CodeIgniter\Database\Query->compileBinds()
 5 SYSTEMPATH\Database\BaseConnection.php(605): CodeIgniter\Database\Query->getQuery()
 6 SYSTEMPATH\Database\BaseBuilder.php(2309): CodeIgniter\Database\BaseConnection->query('INSERT INTO `timed` (`messages`) VALUES (:messages:)', [...], false)
 7 APPPATH\Controllers\Message.php(17): CodeIgniter\Database\BaseBuilder->insert([...])
 8 SYSTEMPATH\CodeIgniter.php(934): App\Controllers\Message->index()
 9 SYSTEMPATH\CodeIgniter.php(499): CodeIgniter\CodeIgniter->runController(Object(App\Controllers\Message))
10 SYSTEMPATH\CodeIgniter.php(368): CodeIgniter\CodeIgniter->handleRequest(null, Object(Config\Cache), false)
11 FCPATH\index.php(67): CodeIgniter\CodeIgniter->run()
CRITICAL - 2023-05-02 15:05:03 --> Array to string conversion
in SYSTEMPATH\Database\Query.php on line 329.
 1 [internal function]: CodeIgniter\Debug\Exceptions->errorHandler(2, 'Array to string conversion', 'C:\\xampp\\htdocs\\ci\\system\\Database\\Query.php', 329)
 2 SYSTEMPATH\Database\Query.php(329): implode(',', [...])
 3 SYSTEMPATH\Database\Query.php(310): CodeIgniter\Database\Query->matchNamedBinds('INSERT INTO `timed` (`messages`) VALUES (:messages:)', [...])
 4 SYSTEMPATH\Database\Query.php(159): CodeIgniter\Database\Query->compileBinds()
 5 SYSTEMPATH\Database\BaseConnection.php(605): CodeIgniter\Database\Query->getQuery()
 6 SYSTEMPATH\Database\BaseBuilder.php(2309): CodeIgniter\Database\BaseConnection->query('INSERT INTO `timed` (`messages`) VALUES (:messages:)', [...], false)
 7 APPPATH\Controllers\Message.php(17): CodeIgniter\Database\BaseBuilder->insert([...])
 8 SYSTEMPATH\CodeIgniter.php(934): App\Controllers\Message->index()
 9 SYSTEMPATH\CodeIgniter.php(499): CodeIgniter\CodeIgniter->runController(Object(App\Controllers\Message))
10 SYSTEMPATH\CodeIgniter.php(368): CodeIgniter\CodeIgniter->handleRequest(null, Object(Config\Cache), false)
11 FCPATH\index.php(67): CodeIgniter\CodeIgniter->run()
CRITICAL - 2023-05-02 15:10:12 --> Call to undefined method App\Models\MaModel::order_by
in SYSTEMPATH\Model.php on line 842.
 1 APPPATH\Controllers\Message.php(13): CodeIgniter\Model->__call('order_by', [...])
 2 SYSTEMPATH\CodeIgniter.php(934): App\Controllers\Message->index()
 3 SYSTEMPATH\CodeIgniter.php(499): CodeIgniter\CodeIgniter->runController(Object(App\Controllers\Message))
 4 SYSTEMPATH\CodeIgniter.php(368): CodeIgniter\CodeIgniter->handleRequest(null, Object(Config\Cache), false)
 5 FCPATH\index.php(67): CodeIgniter\CodeIgniter->run()
CRITICAL - 2023-05-02 15:10:55 --> Call to undefined method App\Models\MaModel::order_by
in SYSTEMPATH\Model.php on line 842.
 1 APPPATH\Controllers\Message.php(13): CodeIgniter\Model->__call('order_by', [...])
 2 SYSTEMPATH\CodeIgniter.php(934): App\Controllers\Message->index()
 3 SYSTEMPATH\CodeIgniter.php(499): CodeIgniter\CodeIgniter->runController(Object(App\Controllers\Message))
 4 SYSTEMPATH\CodeIgniter.php(368): CodeIgniter\CodeIgniter->handleRequest(null, Object(Config\Cache), false)
 5 FCPATH\index.php(67): CodeIgniter\CodeIgniter->run()
CRITICAL - 2023-05-02 15:11:11 --> Undefined property: CodeIgniter\View\View::$db
in APPPATH\Views\contactme.php on line 4.
 1 APPPATH\Views\contactme.php(4): CodeIgniter\Debug\Exceptions->errorHandler(2, 'Undefined property: CodeIgniter\\View\\View::$db', 'C:\\xampp\\htdocs\\ci\\app\\Views\\contactme.php', 4)
 2 SYSTEMPATH\View\View.php(213): include('C:\\xampp\\htdocs\\ci\\app\\Views\\contactme.php')
 3 SYSTEMPATH\View\View.php(216): CodeIgniter\View\View->CodeIgniter\View\{closure}()
 4 SYSTEMPATH\Common.php(1184): CodeIgniter\View\View->render('contactme', [], true)
 5 APPPATH\Controllers\ContactMe.php(9): view('contactme')
 6 SYSTEMPATH\CodeIgniter.php(934): App\Controllers\ContactMe->index()
 7 SYSTEMPATH\CodeIgniter.php(499): CodeIgniter\CodeIgniter->runController(Object(App\Controllers\ContactMe))
 8 SYSTEMPATH\CodeIgniter.php(368): CodeIgniter\CodeIgniter->handleRequest(null, Object(Config\Cache), false)
 9 FCPATH\index.php(67): CodeIgniter\CodeIgniter->run()
CRITICAL - 2023-05-02 15:11:16 --> Undefined property: CodeIgniter\View\View::$db
in APPPATH\Views\contactme.php on line 4.
 1 APPPATH\Views\contactme.php(4): CodeIgniter\Debug\Exceptions->errorHandler(2, 'Undefined property: CodeIgniter\\View\\View::$db', 'C:\\xampp\\htdocs\\ci\\app\\Views\\contactme.php', 4)
 2 SYSTEMPATH\View\View.php(213): include('C:\\xampp\\htdocs\\ci\\app\\Views\\contactme.php')
 3 SYSTEMPATH\View\View.php(216): CodeIgniter\View\View->CodeIgniter\View\{closure}()
 4 SYSTEMPATH\Common.php(1184): CodeIgniter\View\View->render('contactme', [], true)
 5 APPPATH\Controllers\ContactMe.php(9): view('contactme')
 6 SYSTEMPATH\CodeIgniter.php(934): App\Controllers\ContactMe->index()
 7 SYSTEMPATH\CodeIgniter.php(499): CodeIgniter\CodeIgniter->runController(Object(App\Controllers\ContactMe))
 8 SYSTEMPATH\CodeIgniter.php(368): CodeIgniter\CodeIgniter->handleRequest(null, Object(Config\Cache), false)
 9 FCPATH\index.php(67): CodeIgniter\CodeIgniter->run()
CRITICAL - 2023-05-02 16:41:08 --> The route for "contactme" cannot be found.
in SYSTEMPATH\HTTP\RedirectResponse.php on line 60.
 1 SYSTEMPATH\HTTP\RedirectResponse.php(60): CodeIgniter\HTTP\Exceptions\HTTPException::forInvalidRedirectRoute('contactme')
 2 SYSTEMPATH\Common.php(880): CodeIgniter\HTTP\RedirectResponse->route(false)
 3 APPPATH\Controllers\ContactMe.php(21): redirect('contactme')
 4 SYSTEMPATH\CodeIgniter.php(934): App\Controllers\ContactMe->insert()
 5 SYSTEMPATH\CodeIgniter.php(499): CodeIgniter\CodeIgniter->runController(Object(App\Controllers\ContactMe))
 6 SYSTEMPATH\CodeIgniter.php(368): CodeIgniter\CodeIgniter->handleRequest(null, Object(Config\Cache), false)
 7 FCPATH\index.php(67): CodeIgniter\CodeIgniter->run()
CRITICAL - 2023-05-02 16:42:47 --> The route for "contactme" cannot be found.
in SYSTEMPATH\HTTP\RedirectResponse.php on line 60.
 1 SYSTEMPATH\HTTP\RedirectResponse.php(60): CodeIgniter\HTTP\Exceptions\HTTPException::forInvalidRedirectRoute('contactme')
 2 SYSTEMPATH\Common.php(880): CodeIgniter\HTTP\RedirectResponse->route(false)
 3 APPPATH\Controllers\ContactMe.php(21): redirect('contactme')
 4 SYSTEMPATH\CodeIgniter.php(934): App\Controllers\ContactMe->insert()
 5 SYSTEMPATH\CodeIgniter.php(499): CodeIgniter\CodeIgniter->runController(Object(App\Controllers\ContactMe))
 6 SYSTEMPATH\CodeIgniter.php(368): CodeIgniter\CodeIgniter->handleRequest(null, Object(Config\Cache), false)
 7 FCPATH\index.php(67): CodeIgniter\CodeIgniter->run()
CRITICAL - 2023-05-02 16:42:49 --> Invalid file: "layouts/include_folder/header.php"
in SYSTEMPATH\Exceptions\FrameworkException.php on line 33.
 1 SYSTEMPATH\View\View.php(201): CodeIgniter\Exceptions\FrameworkException::forInvalidFile('layouts/include_folder/header.php')
 2 SYSTEMPATH\View\View.php(229): CodeIgniter\View\View->render('layouts/include_folder/header.php', [], true)
 3 SYSTEMPATH\Common.php(1184): CodeIgniter\View\View->render('contactme', [], true)
 4 APPPATH\Controllers\ContactMe.php(9): view('contactme')
 5 SYSTEMPATH\CodeIgniter.php(934): App\Controllers\ContactMe->index()
 6 SYSTEMPATH\CodeIgniter.php(499): CodeIgniter\CodeIgniter->runController(Object(App\Controllers\ContactMe))
 7 SYSTEMPATH\CodeIgniter.php(368): CodeIgniter\CodeIgniter->handleRequest(null, Object(Config\Cache), false)
 8 FCPATH\index.php(67): CodeIgniter\CodeIgniter->run()
CRITICAL - 2023-05-02 16:42:58 --> Invalid file: "layouts/include_folder/header.php"
in SYSTEMPATH\Exceptions\FrameworkException.php on line 33.
 1 SYSTEMPATH\View\View.php(201): CodeIgniter\Exceptions\FrameworkException::forInvalidFile('layouts/include_folder/header.php')
 2 SYSTEMPATH\View\View.php(229): CodeIgniter\View\View->render('layouts/include_folder/header.php', [], true)
 3 SYSTEMPATH\Common.php(1184): CodeIgniter\View\View->render('contactme', [], true)
 4 APPPATH\Controllers\ContactMe.php(9): view('contactme')
 5 SYSTEMPATH\CodeIgniter.php(934): App\Controllers\ContactMe->index()
 6 SYSTEMPATH\CodeIgniter.php(499): CodeIgniter\CodeIgniter->runController(Object(App\Controllers\ContactMe))
 7 SYSTEMPATH\CodeIgniter.php(368): CodeIgniter\CodeIgniter->handleRequest(null, Object(Config\Cache), false)
 8 FCPATH\index.php(67): CodeIgniter\CodeIgniter->run()
CRITICAL - 2023-05-02 16:44:14 --> The route for "contactme" cannot be found.
in SYSTEMPATH\HTTP\RedirectResponse.php on line 60.
 1 SYSTEMPATH\HTTP\RedirectResponse.php(60): CodeIgniter\HTTP\Exceptions\HTTPException::forInvalidRedirectRoute('contactme')
 2 SYSTEMPATH\Common.php(880): CodeIgniter\HTTP\RedirectResponse->route(false)
 3 APPPATH\Controllers\ContactMe.php(21): redirect('contactme')
 4 SYSTEMPATH\CodeIgniter.php(934): App\Controllers\ContactMe->insert()
 5 SYSTEMPATH\CodeIgniter.php(499): CodeIgniter\CodeIgniter->runController(Object(App\Controllers\ContactMe))
 6 SYSTEMPATH\CodeIgniter.php(368): CodeIgniter\CodeIgniter->handleRequest(null, Object(Config\Cache), false)
 7 FCPATH\index.php(67): CodeIgniter\CodeIgniter->run()
CRITICAL - 2023-05-02 16:45:34 --> The route for "contactme" cannot be found.
in SYSTEMPATH\HTTP\RedirectResponse.php on line 60.
 1 SYSTEMPATH\HTTP\RedirectResponse.php(60): CodeIgniter\HTTP\Exceptions\HTTPException::forInvalidRedirectRoute('contactme')
 2 SYSTEMPATH\Common.php(880): CodeIgniter\HTTP\RedirectResponse->route(false)
 3 APPPATH\Controllers\ContactMe.php(21): redirect('contactme')
 4 SYSTEMPATH\CodeIgniter.php(934): App\Controllers\ContactMe->insert()
 5 SYSTEMPATH\CodeIgniter.php(499): CodeIgniter\CodeIgniter->runController(Object(App\Controllers\ContactMe))
 6 SYSTEMPATH\CodeIgniter.php(368): CodeIgniter\CodeIgniter->handleRequest(null, Object(Config\Cache), false)
 7 FCPATH\index.php(67): CodeIgniter\CodeIgniter->run()
CRITICAL - 2023-05-02 16:45:37 --> The route for "contactme" cannot be found.
in SYSTEMPATH\HTTP\RedirectResponse.php on line 60.
 1 SYSTEMPATH\HTTP\RedirectResponse.php(60): CodeIgniter\HTTP\Exceptions\HTTPException::forInvalidRedirectRoute('contactme')
 2 SYSTEMPATH\Common.php(880): CodeIgniter\HTTP\RedirectResponse->route(false)
 3 APPPATH\Controllers\ContactMe.php(21): redirect('contactme')
 4 SYSTEMPATH\CodeIgniter.php(934): App\Controllers\ContactMe->insert()
 5 SYSTEMPATH\CodeIgniter.php(499): CodeIgniter\CodeIgniter->runController(Object(App\Controllers\ContactMe))
 6 SYSTEMPATH\CodeIgniter.php(368): CodeIgniter\CodeIgniter->handleRequest(null, Object(Config\Cache), false)
 7 FCPATH\index.php(67): CodeIgniter\CodeIgniter->run()
CRITICAL - 2023-05-02 16:46:59 --> The route for "contactme" cannot be found.
in SYSTEMPATH\HTTP\RedirectResponse.php on line 60.
 1 SYSTEMPATH\HTTP\RedirectResponse.php(60): CodeIgniter\HTTP\Exceptions\HTTPException::forInvalidRedirectRoute('contactme')
 2 SYSTEMPATH\Common.php(880): CodeIgniter\HTTP\RedirectResponse->route(false)
 3 APPPATH\Controllers\ContactMe.php(21): redirect('contactme')
 4 SYSTEMPATH\CodeIgniter.php(934): App\Controllers\ContactMe->insert()
 5 SYSTEMPATH\CodeIgniter.php(499): CodeIgniter\CodeIgniter->runController(Object(App\Controllers\ContactMe))
 6 SYSTEMPATH\CodeIgniter.php(368): CodeIgniter\CodeIgniter->handleRequest(null, Object(Config\Cache), false)
 7 FCPATH\index.php(67): CodeIgniter\CodeIgniter->run()
CRITICAL - 2023-05-02 16:47:22 --> The route for "contactme" cannot be found.
in SYSTEMPATH\HTTP\RedirectResponse.php on line 60.
 1 SYSTEMPATH\HTTP\RedirectResponse.php(60): CodeIgniter\HTTP\Exceptions\HTTPException::forInvalidRedirectRoute('contactme')
 2 SYSTEMPATH\Common.php(880): CodeIgniter\HTTP\RedirectResponse->route(false)
 3 APPPATH\Controllers\ContactMe.php(21): redirect('contactme')
 4 SYSTEMPATH\CodeIgniter.php(934): App\Controllers\ContactMe->insert()
 5 SYSTEMPATH\CodeIgniter.php(499): CodeIgniter\CodeIgniter->runController(Object(App\Controllers\ContactMe))
 6 SYSTEMPATH\CodeIgniter.php(368): CodeIgniter\CodeIgniter->handleRequest(null, Object(Config\Cache), false)
 7 FCPATH\index.php(67): CodeIgniter\CodeIgniter->run()
CRITICAL - 2023-05-02 16:49:33 --> The route for "contactme" cannot be found.
in SYSTEMPATH\HTTP\RedirectResponse.php on line 60.
 1 SYSTEMPATH\HTTP\RedirectResponse.php(60): CodeIgniter\HTTP\Exceptions\HTTPException::forInvalidRedirectRoute('contactme')
 2 SYSTEMPATH\Common.php(880): CodeIgniter\HTTP\RedirectResponse->route(false)
 3 APPPATH\Controllers\ContactMe.php(24): redirect('contactme')
 4 SYSTEMPATH\CodeIgniter.php(934): App\Controllers\ContactMe->insert()
 5 SYSTEMPATH\CodeIgniter.php(499): CodeIgniter\CodeIgniter->runController(Object(App\Controllers\ContactMe))
 6 SYSTEMPATH\CodeIgniter.php(368): CodeIgniter\CodeIgniter->handleRequest(null, Object(Config\Cache), false)
 7 FCPATH\index.php(67): CodeIgniter\CodeIgniter->run()
CRITICAL - 2023-05-02 16:50:04 --> The route for "contactme" cannot be found.
in SYSTEMPATH\HTTP\RedirectResponse.php on line 60.
 1 SYSTEMPATH\HTTP\RedirectResponse.php(60): CodeIgniter\HTTP\Exceptions\HTTPException::forInvalidRedirectRoute('contactme')
 2 SYSTEMPATH\Common.php(880): CodeIgniter\HTTP\RedirectResponse->route(false)
 3 APPPATH\Controllers\ContactMe.php(24): redirect('contactme')
 4 SYSTEMPATH\CodeIgniter.php(934): App\Controllers\ContactMe->insert()
 5 SYSTEMPATH\CodeIgniter.php(499): CodeIgniter\CodeIgniter->runController(Object(App\Controllers\ContactMe))
 6 SYSTEMPATH\CodeIgniter.php(368): CodeIgniter\CodeIgniter->handleRequest(null, Object(Config\Cache), false)
 7 FCPATH\index.php(67): CodeIgniter\CodeIgniter->run()
CRITICAL - 2023-05-02 16:54:13 --> The route for "contactme" cannot be found.
in SYSTEMPATH\HTTP\RedirectResponse.php on line 60.
 1 SYSTEMPATH\HTTP\RedirectResponse.php(60): CodeIgniter\HTTP\Exceptions\HTTPException::forInvalidRedirectRoute('contactme')
 2 SYSTEMPATH\Common.php(880): CodeIgniter\HTTP\RedirectResponse->route(false)
 3 APPPATH\Controllers\ContactMe.php(24): redirect('contactme')
 4 SYSTEMPATH\CodeIgniter.php(934): App\Controllers\ContactMe->insert()
 5 SYSTEMPATH\CodeIgniter.php(499): CodeIgniter\CodeIgniter->runController(Object(App\Controllers\ContactMe))
 6 SYSTEMPATH\CodeIgniter.php(368): CodeIgniter\CodeIgniter->handleRequest(null, Object(Config\Cache), false)
 7 FCPATH\index.php(67): CodeIgniter\CodeIgniter->run()
ERROR - 2023-05-02 16:55:57 --> mysqli_sql_exception: Duplicate entry 'jeff' for key 'PRIMARY' in C:\xampp\htdocs\ci\system\Database\MySQLi\Connection.php:295
Stack trace:
#0 C:\xampp\htdocs\ci\system\Database\MySQLi\Connection.php(295): mysqli->query('INSERT INTO `ti...', 0)
#1 C:\xampp\htdocs\ci\system\Database\BaseConnection.php(691): CodeIgniter\Database\MySQLi\Connection->execute('INSERT INTO `ti...')
#2 C:\xampp\htdocs\ci\system\Database\BaseConnection.php(605): CodeIgniter\Database\BaseConnection->simpleQuery('INSERT INTO `ti...')
#3 C:\xampp\htdocs\ci\system\Database\BaseBuilder.php(2309): CodeIgniter\Database\BaseConnection->query('INSERT INTO `ti...', Array, false)
#4 C:\xampp\htdocs\ci\app\Controllers\ContactMe.php(22): CodeIgniter\Database\BaseBuilder->insert(Array)
#5 C:\xampp\htdocs\ci\system\CodeIgniter.php(934): App\Controllers\ContactMe->insert()
#6 C:\xampp\htdocs\ci\system\CodeIgniter.php(499): CodeIgniter\CodeIgniter->runController(Object(App\Controllers\ContactMe))
#7 C:\xampp\htdocs\ci\system\CodeIgniter.php(368): CodeIgniter\CodeIgniter->handleRequest(NULL, Object(Config\Cache), false)
#8 C:\xampp\htdocs\ci\public\index.php(67): CodeIgniter\CodeIgniter->run()
#9 {main}
CRITICAL - 2023-05-02 16:55:57 --> Duplicate entry 'jeff' for key 'PRIMARY'
in SYSTEMPATH\Database\MySQLi\Connection.php on line 295.
 1 SYSTEMPATH\Database\MySQLi\Connection.php(295): mysqli->query('INSERT INTO `timed` (`username`, `email`, `phone`, `messages`) VALUES (\'jeff\', \'jeff@gmail.com\', \'09876564534\', \'sfbahae\')', 0)
 2 SYSTEMPATH\Database\BaseConnection.php(691): CodeIgniter\Database\MySQLi\Connection->execute('INSERT INTO `timed` (`username`, `email`, `phone`, `messages`) VALUES (\'jeff\', \'jeff@gmail.com\', \'09876564534\', \'sfbahae\')')
 3 SYSTEMPATH\Database\BaseConnection.php(605): CodeIgniter\Database\BaseConnection->simpleQuery('INSERT INTO `timed` (`username`, `email`, `phone`, `messages`) VALUES (\'jeff\', \'jeff@gmail.com\', \'09876564534\', \'sfbahae\')')
 4 SYSTEMPATH\Database\BaseBuilder.php(2309): CodeIgniter\Database\BaseConnection->query('INSERT INTO `timed` (`username`, `email`, `phone`, `messages`) VALUES (:username:, :email:, :phone:, :messages:)', [...], false)
 5 APPPATH\Controllers\ContactMe.php(22): CodeIgniter\Database\BaseBuilder->insert([...])
 6 SYSTEMPATH\CodeIgniter.php(934): App\Controllers\ContactMe->insert()
 7 SYSTEMPATH\CodeIgniter.php(499): CodeIgniter\CodeIgniter->runController(Object(App\Controllers\ContactMe))
 8 SYSTEMPATH\CodeIgniter.php(368): CodeIgniter\CodeIgniter->handleRequest(null, Object(Config\Cache), false)
 9 FCPATH\index.php(67): CodeIgniter\CodeIgniter->run()
CRITICAL - 2023-05-02 16:56:17 --> The route for "contactme" cannot be found.
in SYSTEMPATH\HTTP\RedirectResponse.php on line 60.
 1 SYSTEMPATH\HTTP\RedirectResponse.php(60): CodeIgniter\HTTP\Exceptions\HTTPException::forInvalidRedirectRoute('contactme')
 2 SYSTEMPATH\Common.php(880): CodeIgniter\HTTP\RedirectResponse->route(false)
 3 APPPATH\Controllers\ContactMe.php(24): redirect('contactme')
 4 SYSTEMPATH\CodeIgniter.php(934): App\Controllers\ContactMe->insert()
 5 SYSTEMPATH\CodeIgniter.php(499): CodeIgniter\CodeIgniter->runController(Object(App\Controllers\ContactMe))
 6 SYSTEMPATH\CodeIgniter.php(368): CodeIgniter\CodeIgniter->handleRequest(null, Object(Config\Cache), false)
 7 FCPATH\index.php(67): CodeIgniter\CodeIgniter->run()
