CRITICAL - 2023-04-30 14:04:52 --> Invalid file: "layouts/inc/navbar.php"
in SYSTEMPATH\Exceptions\FrameworkException.php on line 33.
 1 SYSTEMPATH\View\View.php(201): CodeIgniter\Exceptions\FrameworkException::forInvalidFile('layouts/inc/navbar.php')
 2 SYSTEMPATH\View\View.php(431): CodeIgniter\View\View->render('layouts/inc/navbar.php', null, true)
 3 APPPATH\Views\layouts\header.php(18): CodeIgniter\View\View->include('layouts/inc/navbar.php')
 4 SYSTEMPATH\View\View.php(213): include('C:\\xampp\\htdocs\\ci\\app\\Views\\layouts\\header.php')
 5 SYSTEMPATH\View\View.php(216): CodeIgniter\View\View->CodeIgniter\View\{closure}()
 6 SYSTEMPATH\View\View.php(229): CodeIgniter\View\View->render('layouts/header.php', [], true)
 7 SYSTEMPATH\Common.php(1184): CodeIgniter\View\View->render('home', [], true)
 8 APPPATH\Controllers\Home.php(9): view('home')
 9 SYSTEMPATH\CodeIgniter.php(934): App\Controllers\Home->index()
10 SYSTEMPATH\CodeIgniter.php(499): CodeIgniter\CodeIgniter->runController(Object(App\Controllers\Home))
11 SYSTEMPATH\CodeIgniter.php(368): CodeIgniter\CodeIgniter->handleRequest(null, Object(Config\Cache), false)
12 FCPATH\index.php(67): CodeIgniter\CodeIgniter->run()
CRITICAL - 2023-04-30 14:04:57 --> Invalid file: "layouts/inc/navbar.php"
in SYSTEMPATH\Exceptions\FrameworkException.php on line 33.
 1 SYSTEMPATH\View\View.php(201): CodeIgniter\Exceptions\FrameworkException::forInvalidFile('layouts/inc/navbar.php')
 2 SYSTEMPATH\View\View.php(431): CodeIgniter\View\View->render('layouts/inc/navbar.php', null, true)
 3 APPPATH\Views\layouts\header.php(18): CodeIgniter\View\View->include('layouts/inc/navbar.php')
 4 SYSTEMPATH\View\View.php(213): include('C:\\xampp\\htdocs\\ci\\app\\Views\\layouts\\header.php')
 5 SYSTEMPATH\View\View.php(216): CodeIgniter\View\View->CodeIgniter\View\{closure}()
 6 SYSTEMPATH\View\View.php(229): CodeIgniter\View\View->render('layouts/header.php', [], true)
 7 SYSTEMPATH\Common.php(1184): CodeIgniter\View\View->render('home', [], true)
 8 APPPATH\Controllers\Home.php(9): view('home')
 9 SYSTEMPATH\CodeIgniter.php(934): App\Controllers\Home->index()
10 SYSTEMPATH\CodeIgniter.php(499): CodeIgniter\CodeIgniter->runController(Object(App\Controllers\Home))
11 SYSTEMPATH\CodeIgniter.php(368): CodeIgniter\CodeIgniter->handleRequest(null, Object(Config\Cache), false)
12 FCPATH\index.php(67): CodeIgniter\CodeIgniter->run()
CRITICAL - 2023-04-30 14:05:09 --> Invalid file: "layouts/inc/navbar.php"
in SYSTEMPATH\Exceptions\FrameworkException.php on line 33.
 1 SYSTEMPATH\View\View.php(201): CodeIgniter\Exceptions\FrameworkException::forInvalidFile('layouts/inc/navbar.php')
 2 SYSTEMPATH\View\View.php(431): CodeIgniter\View\View->render('layouts/inc/navbar.php', null, true)
 3 APPPATH\Views\layouts\header.php(18): CodeIgniter\View\View->include('layouts/inc/navbar.php')
 4 SYSTEMPATH\View\View.php(213): include('C:\\xampp\\htdocs\\ci\\app\\Views\\layouts\\header.php')
 5 SYSTEMPATH\View\View.php(216): CodeIgniter\View\View->CodeIgniter\View\{closure}()
 6 SYSTEMPATH\View\View.php(229): CodeIgniter\View\View->render('layouts/header.php', [], true)
 7 SYSTEMPATH\Common.php(1184): CodeIgniter\View\View->render('home', [], true)
 8 APPPATH\Controllers\Home.php(9): view('home')
 9 SYSTEMPATH\CodeIgniter.php(934): App\Controllers\Home->index()
10 SYSTEMPATH\CodeIgniter.php(499): CodeIgniter\CodeIgniter->runController(Object(App\Controllers\Home))
11 SYSTEMPATH\CodeIgniter.php(368): CodeIgniter\CodeIgniter->handleRequest(null, Object(Config\Cache), false)
12 FCPATH\index.php(67): CodeIgniter\CodeIgniter->run()
CRITICAL - 2023-04-30 14:06:12 --> Invalid file: "layouts/inc/navbar.php"
in SYSTEMPATH\Exceptions\FrameworkException.php on line 33.
 1 SYSTEMPATH\View\View.php(201): CodeIgniter\Exceptions\FrameworkException::forInvalidFile('layouts/inc/navbar.php')
 2 SYSTEMPATH\View\View.php(431): CodeIgniter\View\View->render('layouts/inc/navbar.php', null, true)
 3 APPPATH\Views\layouts\header.php(18): CodeIgniter\View\View->include('layouts/inc/navbar.php')
 4 SYSTEMPATH\View\View.php(213): include('C:\\xampp\\htdocs\\ci\\app\\Views\\layouts\\header.php')
 5 SYSTEMPATH\View\View.php(216): CodeIgniter\View\View->CodeIgniter\View\{closure}()
 6 SYSTEMPATH\View\View.php(229): CodeIgniter\View\View->render('layouts/header.php', [], true)
 7 SYSTEMPATH\Common.php(1184): CodeIgniter\View\View->render('home', [], true)
 8 APPPATH\Controllers\Home.php(9): view('home')
 9 SYSTEMPATH\CodeIgniter.php(934): App\Controllers\Home->index()
10 SYSTEMPATH\CodeIgniter.php(499): CodeIgniter\CodeIgniter->runController(Object(App\Controllers\Home))
11 SYSTEMPATH\CodeIgniter.php(368): CodeIgniter\CodeIgniter->handleRequest(null, Object(Config\Cache), false)
12 FCPATH\index.php(67): CodeIgniter\CodeIgniter->run()
CRITICAL - 2023-04-30 14:06:39 --> Invalid file: "layouts/inc/navbar.php"
in SYSTEMPATH\Exceptions\FrameworkException.php on line 33.
 1 SYSTEMPATH\View\View.php(201): CodeIgniter\Exceptions\FrameworkException::forInvalidFile('layouts/inc/navbar.php')
 2 SYSTEMPATH\View\View.php(431): CodeIgniter\View\View->render('layouts/inc/navbar.php', null, true)
 3 APPPATH\Views\layouts\header.php(18): CodeIgniter\View\View->include('layouts/inc/navbar.php')
 4 SYSTEMPATH\View\View.php(213): include('C:\\xampp\\htdocs\\ci\\app\\Views\\layouts\\header.php')
 5 SYSTEMPATH\View\View.php(216): CodeIgniter\View\View->CodeIgniter\View\{closure}()
 6 SYSTEMPATH\View\View.php(229): CodeIgniter\View\View->render('layouts/header.php', [], true)
 7 SYSTEMPATH\Common.php(1184): CodeIgniter\View\View->render('home', [], true)
 8 APPPATH\Controllers\Home.php(9): view('home')
 9 SYSTEMPATH\CodeIgniter.php(934): App\Controllers\Home->index()
10 SYSTEMPATH\CodeIgniter.php(499): CodeIgniter\CodeIgniter->runController(Object(App\Controllers\Home))
11 SYSTEMPATH\CodeIgniter.php(368): CodeIgniter\CodeIgniter->handleRequest(null, Object(Config\Cache), false)
12 FCPATH\index.php(67): CodeIgniter\CodeIgniter->run()
CRITICAL - 2023-04-30 14:06:41 --> Invalid file: "layouts/inc/navbar.php"
in SYSTEMPATH\Exceptions\FrameworkException.php on line 33.
 1 SYSTEMPATH\View\View.php(201): CodeIgniter\Exceptions\FrameworkException::forInvalidFile('layouts/inc/navbar.php')
 2 SYSTEMPATH\View\View.php(431): CodeIgniter\View\View->render('layouts/inc/navbar.php', null, true)
 3 APPPATH\Views\layouts\header.php(18): CodeIgniter\View\View->include('layouts/inc/navbar.php')
 4 SYSTEMPATH\View\View.php(213): include('C:\\xampp\\htdocs\\ci\\app\\Views\\layouts\\header.php')
 5 SYSTEMPATH\View\View.php(216): CodeIgniter\View\View->CodeIgniter\View\{closure}()
 6 SYSTEMPATH\View\View.php(229): CodeIgniter\View\View->render('layouts/header.php', [], true)
 7 SYSTEMPATH\Common.php(1184): CodeIgniter\View\View->render('home', [], true)
 8 APPPATH\Controllers\Home.php(9): view('home')
 9 SYSTEMPATH\CodeIgniter.php(934): App\Controllers\Home->index()
10 SYSTEMPATH\CodeIgniter.php(499): CodeIgniter\CodeIgniter->runController(Object(App\Controllers\Home))
11 SYSTEMPATH\CodeIgniter.php(368): CodeIgniter\CodeIgniter->handleRequest(null, Object(Config\Cache), false)
12 FCPATH\index.php(67): CodeIgniter\CodeIgniter->run()
CRITICAL - 2023-04-30 14:06:52 --> Invalid file: "layouts/inc/navbar.php"
in SYSTEMPATH\Exceptions\FrameworkException.php on line 33.
 1 SYSTEMPATH\View\View.php(201): CodeIgniter\Exceptions\FrameworkException::forInvalidFile('layouts/inc/navbar.php')
 2 SYSTEMPATH\View\View.php(431): CodeIgniter\View\View->render('layouts/inc/navbar.php', null, true)
 3 APPPATH\Views\layouts\header.php(18): CodeIgniter\View\View->include('layouts/inc/navbar.php')
 4 SYSTEMPATH\View\View.php(213): include('C:\\xampp\\htdocs\\ci\\app\\Views\\layouts\\header.php')
 5 SYSTEMPATH\View\View.php(216): CodeIgniter\View\View->CodeIgniter\View\{closure}()
 6 SYSTEMPATH\View\View.php(229): CodeIgniter\View\View->render('layouts/header.php', [], true)
 7 SYSTEMPATH\Common.php(1184): CodeIgniter\View\View->render('home', [], true)
 8 APPPATH\Controllers\Home.php(9): view('home')
 9 SYSTEMPATH\CodeIgniter.php(934): App\Controllers\Home->index()
10 SYSTEMPATH\CodeIgniter.php(499): CodeIgniter\CodeIgniter->runController(Object(App\Controllers\Home))
11 SYSTEMPATH\CodeIgniter.php(368): CodeIgniter\CodeIgniter->handleRequest(null, Object(Config\Cache), false)
12 FCPATH\index.php(67): CodeIgniter\CodeIgniter->run()
CRITICAL - 2023-04-30 14:07:00 --> Invalid file: "layouts/inc/navbar.php"
in SYSTEMPATH\Exceptions\FrameworkException.php on line 33.
 1 SYSTEMPATH\View\View.php(201): CodeIgniter\Exceptions\FrameworkException::forInvalidFile('layouts/inc/navbar.php')
 2 SYSTEMPATH\View\View.php(431): CodeIgniter\View\View->render('layouts/inc/navbar.php', null, true)
 3 APPPATH\Views\layouts\header.php(18): CodeIgniter\View\View->include('layouts/inc/navbar.php')
 4 SYSTEMPATH\View\View.php(213): include('C:\\xampp\\htdocs\\ci\\app\\Views\\layouts\\header.php')
 5 SYSTEMPATH\View\View.php(216): CodeIgniter\View\View->CodeIgniter\View\{closure}()
 6 SYSTEMPATH\View\View.php(229): CodeIgniter\View\View->render('layouts/header.php', [], true)
 7 SYSTEMPATH\Common.php(1184): CodeIgniter\View\View->render('home', [], true)
 8 APPPATH\Controllers\Home.php(9): view('home')
 9 SYSTEMPATH\CodeIgniter.php(934): App\Controllers\Home->index()
10 SYSTEMPATH\CodeIgniter.php(499): CodeIgniter\CodeIgniter->runController(Object(App\Controllers\Home))
11 SYSTEMPATH\CodeIgniter.php(368): CodeIgniter\CodeIgniter->handleRequest(null, Object(Config\Cache), false)
12 FCPATH\index.php(67): CodeIgniter\CodeIgniter->run()
CRITICAL - 2023-04-30 14:07:01 --> Invalid file: "layouts/inc/navbar.php"
in SYSTEMPATH\Exceptions\FrameworkException.php on line 33.
 1 SYSTEMPATH\View\View.php(201): CodeIgniter\Exceptions\FrameworkException::forInvalidFile('layouts/inc/navbar.php')
 2 SYSTEMPATH\View\View.php(431): CodeIgniter\View\View->render('layouts/inc/navbar.php', null, true)
 3 APPPATH\Views\layouts\header.php(18): CodeIgniter\View\View->include('layouts/inc/navbar.php')
 4 SYSTEMPATH\View\View.php(213): include('C:\\xampp\\htdocs\\ci\\app\\Views\\layouts\\header.php')
 5 SYSTEMPATH\View\View.php(216): CodeIgniter\View\View->CodeIgniter\View\{closure}()
 6 SYSTEMPATH\View\View.php(229): CodeIgniter\View\View->render('layouts/header.php', [], true)
 7 SYSTEMPATH\Common.php(1184): CodeIgniter\View\View->render('home', [], true)
 8 APPPATH\Controllers\Home.php(9): view('home')
 9 SYSTEMPATH\CodeIgniter.php(934): App\Controllers\Home->index()
10 SYSTEMPATH\CodeIgniter.php(499): CodeIgniter\CodeIgniter->runController(Object(App\Controllers\Home))
11 SYSTEMPATH\CodeIgniter.php(368): CodeIgniter\CodeIgniter->handleRequest(null, Object(Config\Cache), false)
12 FCPATH\index.php(67): CodeIgniter\CodeIgniter->run()
CRITICAL - 2023-04-30 14:07:02 --> Invalid file: "layouts/inc/navbar.php"
in SYSTEMPATH\Exceptions\FrameworkException.php on line 33.
 1 SYSTEMPATH\View\View.php(201): CodeIgniter\Exceptions\FrameworkException::forInvalidFile('layouts/inc/navbar.php')
 2 SYSTEMPATH\View\View.php(431): CodeIgniter\View\View->render('layouts/inc/navbar.php', null, true)
 3 APPPATH\Views\layouts\header.php(18): CodeIgniter\View\View->include('layouts/inc/navbar.php')
 4 SYSTEMPATH\View\View.php(213): include('C:\\xampp\\htdocs\\ci\\app\\Views\\layouts\\header.php')
 5 SYSTEMPATH\View\View.php(216): CodeIgniter\View\View->CodeIgniter\View\{closure}()
 6 SYSTEMPATH\View\View.php(229): CodeIgniter\View\View->render('layouts/header.php', [], true)
 7 SYSTEMPATH\Common.php(1184): CodeIgniter\View\View->render('home', [], true)
 8 APPPATH\Controllers\Home.php(9): view('home')
 9 SYSTEMPATH\CodeIgniter.php(934): App\Controllers\Home->index()
10 SYSTEMPATH\CodeIgniter.php(499): CodeIgniter\CodeIgniter->runController(Object(App\Controllers\Home))
11 SYSTEMPATH\CodeIgniter.php(368): CodeIgniter\CodeIgniter->handleRequest(null, Object(Config\Cache), false)
12 FCPATH\index.php(67): CodeIgniter\CodeIgniter->run()
CRITICAL - 2023-04-30 14:07:18 --> Invalid file: "layouts/inc/navbar.php"
in SYSTEMPATH\Exceptions\FrameworkException.php on line 33.
 1 SYSTEMPATH\View\View.php(201): CodeIgniter\Exceptions\FrameworkException::forInvalidFile('layouts/inc/navbar.php')
 2 SYSTEMPATH\View\View.php(431): CodeIgniter\View\View->render('layouts/inc/navbar.php', null, true)
 3 APPPATH\Views\layouts\header.php(18): CodeIgniter\View\View->include('layouts/inc/navbar.php')
 4 SYSTEMPATH\View\View.php(213): include('C:\\xampp\\htdocs\\ci\\app\\Views\\layouts\\header.php')
 5 SYSTEMPATH\View\View.php(216): CodeIgniter\View\View->CodeIgniter\View\{closure}()
 6 SYSTEMPATH\View\View.php(229): CodeIgniter\View\View->render('layouts/header.php', [], true)
 7 SYSTEMPATH\Common.php(1184): CodeIgniter\View\View->render('home', [], true)
 8 APPPATH\Controllers\Home.php(9): view('home')
 9 SYSTEMPATH\CodeIgniter.php(934): App\Controllers\Home->index()
10 SYSTEMPATH\CodeIgniter.php(499): CodeIgniter\CodeIgniter->runController(Object(App\Controllers\Home))
11 SYSTEMPATH\CodeIgniter.php(368): CodeIgniter\CodeIgniter->handleRequest(null, Object(Config\Cache), false)
12 FCPATH\index.php(67): CodeIgniter\CodeIgniter->run()
CRITICAL - 2023-04-30 14:07:19 --> Invalid file: "layouts/inc/navbar.php"
in SYSTEMPATH\Exceptions\FrameworkException.php on line 33.
 1 SYSTEMPATH\View\View.php(201): CodeIgniter\Exceptions\FrameworkException::forInvalidFile('layouts/inc/navbar.php')
 2 SYSTEMPATH\View\View.php(431): CodeIgniter\View\View->render('layouts/inc/navbar.php', null, true)
 3 APPPATH\Views\layouts\header.php(18): CodeIgniter\View\View->include('layouts/inc/navbar.php')
 4 SYSTEMPATH\View\View.php(213): include('C:\\xampp\\htdocs\\ci\\app\\Views\\layouts\\header.php')
 5 SYSTEMPATH\View\View.php(216): CodeIgniter\View\View->CodeIgniter\View\{closure}()
 6 SYSTEMPATH\View\View.php(229): CodeIgniter\View\View->render('layouts/header.php', [], true)
 7 SYSTEMPATH\Common.php(1184): CodeIgniter\View\View->render('home', [], true)
 8 APPPATH\Controllers\Home.php(9): view('home')
 9 SYSTEMPATH\CodeIgniter.php(934): App\Controllers\Home->index()
10 SYSTEMPATH\CodeIgniter.php(499): CodeIgniter\CodeIgniter->runController(Object(App\Controllers\Home))
11 SYSTEMPATH\CodeIgniter.php(368): CodeIgniter\CodeIgniter->handleRequest(null, Object(Config\Cache), false)
12 FCPATH\index.php(67): CodeIgniter\CodeIgniter->run()
CRITICAL - 2023-04-30 14:07:27 --> Invalid file: "layouts/inc/navbar.php"
in SYSTEMPATH\Exceptions\FrameworkException.php on line 33.
 1 SYSTEMPATH\View\View.php(201): CodeIgniter\Exceptions\FrameworkException::forInvalidFile('layouts/inc/navbar.php')
 2 SYSTEMPATH\View\View.php(431): CodeIgniter\View\View->render('layouts/inc/navbar.php', null, true)
 3 APPPATH\Views\layouts\header.php(18): CodeIgniter\View\View->include('layouts/inc/navbar.php')
 4 SYSTEMPATH\View\View.php(213): include('C:\\xampp\\htdocs\\ci\\app\\Views\\layouts\\header.php')
 5 SYSTEMPATH\View\View.php(216): CodeIgniter\View\View->CodeIgniter\View\{closure}()
 6 SYSTEMPATH\View\View.php(229): CodeIgniter\View\View->render('layouts/header.php', [], true)
 7 SYSTEMPATH\Common.php(1184): CodeIgniter\View\View->render('home', [], true)
 8 APPPATH\Controllers\Home.php(9): view('home')
 9 SYSTEMPATH\CodeIgniter.php(934): App\Controllers\Home->index()
10 SYSTEMPATH\CodeIgniter.php(499): CodeIgniter\CodeIgniter->runController(Object(App\Controllers\Home))
11 SYSTEMPATH\CodeIgniter.php(368): CodeIgniter\CodeIgniter->handleRequest(null, Object(Config\Cache), false)
12 FCPATH\index.php(67): CodeIgniter\CodeIgniter->run()
CRITICAL - 2023-04-30 14:12:45 --> Invalid file: "layouts/inc/navbar.php"
in SYSTEMPATH\Exceptions\FrameworkException.php on line 33.
 1 SYSTEMPATH\View\View.php(201): CodeIgniter\Exceptions\FrameworkException::forInvalidFile('layouts/inc/navbar.php')
 2 SYSTEMPATH\View\View.php(431): CodeIgniter\View\View->render('layouts/inc/navbar.php', null, true)
 3 APPPATH\Views\layouts\header.php(18): CodeIgniter\View\View->include('layouts/inc/navbar.php')
 4 SYSTEMPATH\View\View.php(213): include('C:\\xampp\\htdocs\\ci\\app\\Views\\layouts\\header.php')
 5 SYSTEMPATH\View\View.php(216): CodeIgniter\View\View->CodeIgniter\View\{closure}()
 6 SYSTEMPATH\View\View.php(229): CodeIgniter\View\View->render('layouts/header.php', [], true)
 7 SYSTEMPATH\Common.php(1184): CodeIgniter\View\View->render('home', [], true)
 8 APPPATH\Controllers\Home.php(9): view('home')
 9 SYSTEMPATH\CodeIgniter.php(934): App\Controllers\Home->index()
10 SYSTEMPATH\CodeIgniter.php(499): CodeIgniter\CodeIgniter->runController(Object(App\Controllers\Home))
11 SYSTEMPATH\CodeIgniter.php(368): CodeIgniter\CodeIgniter->handleRequest(null, Object(Config\Cache), false)
12 FCPATH\index.php(67): CodeIgniter\CodeIgniter->run()
CRITICAL - 2023-04-30 14:13:11 --> Invalid file: "layouts/inc/navbar.php"
in SYSTEMPATH\Exceptions\FrameworkException.php on line 33.
 1 SYSTEMPATH\View\View.php(201): CodeIgniter\Exceptions\FrameworkException::forInvalidFile('layouts/inc/navbar.php')
 2 SYSTEMPATH\View\View.php(431): CodeIgniter\View\View->render('layouts/inc/navbar.php', null, true)
 3 APPPATH\Views\layouts\header.php(18): CodeIgniter\View\View->include('layouts/inc/navbar.php')
 4 SYSTEMPATH\View\View.php(213): include('C:\\xampp\\htdocs\\ci\\app\\Views\\layouts\\header.php')
 5 SYSTEMPATH\View\View.php(216): CodeIgniter\View\View->CodeIgniter\View\{closure}()
 6 SYSTEMPATH\View\View.php(229): CodeIgniter\View\View->render('layouts/header.php', [], true)
 7 SYSTEMPATH\Common.php(1184): CodeIgniter\View\View->render('home', [], true)
 8 APPPATH\Controllers\Home.php(9): view('home')
 9 SYSTEMPATH\CodeIgniter.php(934): App\Controllers\Home->index()
10 SYSTEMPATH\CodeIgniter.php(499): CodeIgniter\CodeIgniter->runController(Object(App\Controllers\Home))
11 SYSTEMPATH\CodeIgniter.php(368): CodeIgniter\CodeIgniter->handleRequest(null, Object(Config\Cache), false)
12 FCPATH\index.php(67): CodeIgniter\CodeIgniter->run()
CRITICAL - 2023-04-30 14:15:29 --> Invalid file: "layouts/inc/navbar.php"
in SYSTEMPATH\Exceptions\FrameworkException.php on line 33.
 1 SYSTEMPATH\View\View.php(201): CodeIgniter\Exceptions\FrameworkException::forInvalidFile('layouts/inc/navbar.php')
 2 SYSTEMPATH\View\View.php(431): CodeIgniter\View\View->render('layouts/inc/navbar.php', null, true)
 3 APPPATH\Views\layouts\header.php(18): CodeIgniter\View\View->include('layouts/inc/navbar.php')
 4 SYSTEMPATH\View\View.php(213): include('C:\\xampp\\htdocs\\ci\\app\\Views\\layouts\\header.php')
 5 SYSTEMPATH\View\View.php(216): CodeIgniter\View\View->CodeIgniter\View\{closure}()
 6 SYSTEMPATH\View\View.php(229): CodeIgniter\View\View->render('layouts/header.php', [], true)
 7 SYSTEMPATH\Common.php(1184): CodeIgniter\View\View->render('home', [], true)
 8 APPPATH\Controllers\Home.php(9): view('home')
 9 SYSTEMPATH\CodeIgniter.php(934): App\Controllers\Home->index()
10 SYSTEMPATH\CodeIgniter.php(499): CodeIgniter\CodeIgniter->runController(Object(App\Controllers\Home))
11 SYSTEMPATH\CodeIgniter.php(368): CodeIgniter\CodeIgniter->handleRequest(null, Object(Config\Cache), false)
12 FCPATH\index.php(67): CodeIgniter\CodeIgniter->run()
CRITICAL - 2023-04-30 14:15:38 --> Invalid file: "layouts/inc/navbar.php"
in SYSTEMPATH\Exceptions\FrameworkException.php on line 33.
 1 SYSTEMPATH\View\View.php(201): CodeIgniter\Exceptions\FrameworkException::forInvalidFile('layouts/inc/navbar.php')
 2 SYSTEMPATH\View\View.php(431): CodeIgniter\View\View->render('layouts/inc/navbar.php', null, true)
 3 APPPATH\Views\layouts\header.php(18): CodeIgniter\View\View->include('layouts/inc/navbar.php')
 4 SYSTEMPATH\View\View.php(213): include('C:\\xampp\\htdocs\\ci\\app\\Views\\layouts\\header.php')
 5 SYSTEMPATH\View\View.php(216): CodeIgniter\View\View->CodeIgniter\View\{closure}()
 6 SYSTEMPATH\View\View.php(229): CodeIgniter\View\View->render('layouts/header.php', [], true)
 7 SYSTEMPATH\Common.php(1184): CodeIgniter\View\View->render('home', [], true)
 8 APPPATH\Controllers\Home.php(9): view('home')
 9 SYSTEMPATH\CodeIgniter.php(934): App\Controllers\Home->index()
10 SYSTEMPATH\CodeIgniter.php(499): CodeIgniter\CodeIgniter->runController(Object(App\Controllers\Home))
11 SYSTEMPATH\CodeIgniter.php(368): CodeIgniter\CodeIgniter->handleRequest(null, Object(Config\Cache), false)
12 FCPATH\index.php(67): CodeIgniter\CodeIgniter->run()
CRITICAL - 2023-04-30 14:16:07 --> Invalid file: "layouts/inc/navbar.php"
in SYSTEMPATH\Exceptions\FrameworkException.php on line 33.
 1 SYSTEMPATH\View\View.php(201): CodeIgniter\Exceptions\FrameworkException::forInvalidFile('layouts/inc/navbar.php')
 2 SYSTEMPATH\View\View.php(431): CodeIgniter\View\View->render('layouts/inc/navbar.php', null, true)
 3 APPPATH\Views\layouts\header.php(18): CodeIgniter\View\View->include('layouts/inc/navbar.php')
 4 SYSTEMPATH\View\View.php(213): include('C:\\xampp\\htdocs\\ci\\app\\Views\\layouts\\header.php')
 5 SYSTEMPATH\View\View.php(216): CodeIgniter\View\View->CodeIgniter\View\{closure}()
 6 SYSTEMPATH\View\View.php(229): CodeIgniter\View\View->render('layouts/header.php', [], true)
 7 SYSTEMPATH\Common.php(1184): CodeIgniter\View\View->render('home', [], true)
 8 APPPATH\Controllers\Home.php(9): view('home')
 9 SYSTEMPATH\CodeIgniter.php(934): App\Controllers\Home->index()
10 SYSTEMPATH\CodeIgniter.php(499): CodeIgniter\CodeIgniter->runController(Object(App\Controllers\Home))
11 SYSTEMPATH\CodeIgniter.php(368): CodeIgniter\CodeIgniter->handleRequest(null, Object(Config\Cache), false)
12 FCPATH\index.php(67): CodeIgniter\CodeIgniter->run()
CRITICAL - 2023-04-30 14:16:15 --> Invalid file: "layouts/inc/navbar.php"
in SYSTEMPATH\Exceptions\FrameworkException.php on line 33.
 1 SYSTEMPATH\View\View.php(201): CodeIgniter\Exceptions\FrameworkException::forInvalidFile('layouts/inc/navbar.php')
 2 SYSTEMPATH\View\View.php(431): CodeIgniter\View\View->render('layouts/inc/navbar.php', null, true)
 3 APPPATH\Views\layouts\header.php(18): CodeIgniter\View\View->include('layouts/inc/navbar.php')
 4 SYSTEMPATH\View\View.php(213): include('C:\\xampp\\htdocs\\ci\\app\\Views\\layouts\\header.php')
 5 SYSTEMPATH\View\View.php(216): CodeIgniter\View\View->CodeIgniter\View\{closure}()
 6 SYSTEMPATH\View\View.php(229): CodeIgniter\View\View->render('layouts/header.php', [], true)
 7 SYSTEMPATH\Common.php(1184): CodeIgniter\View\View->render('home', [], true)
 8 APPPATH\Controllers\Home.php(9): view('home')
 9 SYSTEMPATH\CodeIgniter.php(934): App\Controllers\Home->index()
10 SYSTEMPATH\CodeIgniter.php(499): CodeIgniter\CodeIgniter->runController(Object(App\Controllers\Home))
11 SYSTEMPATH\CodeIgniter.php(368): CodeIgniter\CodeIgniter->handleRequest(null, Object(Config\Cache), false)
12 FCPATH\index.php(67): CodeIgniter\CodeIgniter->run()
CRITICAL - 2023-04-30 14:16:50 --> Invalid file: "layouts/inc/navbar.php"
in SYSTEMPATH\Exceptions\FrameworkException.php on line 33.
 1 SYSTEMPATH\View\View.php(201): CodeIgniter\Exceptions\FrameworkException::forInvalidFile('layouts/inc/navbar.php')
 2 SYSTEMPATH\View\View.php(431): CodeIgniter\View\View->render('layouts/inc/navbar.php', null, true)
 3 APPPATH\Views\layouts\header.php(18): CodeIgniter\View\View->include('layouts/inc/navbar.php')
 4 SYSTEMPATH\View\View.php(213): include('C:\\xampp\\htdocs\\ci\\app\\Views\\layouts\\header.php')
 5 SYSTEMPATH\View\View.php(216): CodeIgniter\View\View->CodeIgniter\View\{closure}()
 6 SYSTEMPATH\View\View.php(229): CodeIgniter\View\View->render('layouts/header.php', [], true)
 7 SYSTEMPATH\Common.php(1184): CodeIgniter\View\View->render('home', [], true)
 8 APPPATH\Controllers\Home.php(9): view('home')
 9 SYSTEMPATH\CodeIgniter.php(934): App\Controllers\Home->index()
10 SYSTEMPATH\CodeIgniter.php(499): CodeIgniter\CodeIgniter->runController(Object(App\Controllers\Home))
11 SYSTEMPATH\CodeIgniter.php(368): CodeIgniter\CodeIgniter->handleRequest(null, Object(Config\Cache), false)
12 FCPATH\index.php(67): CodeIgniter\CodeIgniter->run()
CRITICAL - 2023-04-30 14:16:55 --> Invalid file: "layouts/inc/navbar.php"
in SYSTEMPATH\Exceptions\FrameworkException.php on line 33.
 1 SYSTEMPATH\View\View.php(201): CodeIgniter\Exceptions\FrameworkException::forInvalidFile('layouts/inc/navbar.php')
 2 SYSTEMPATH\View\View.php(431): CodeIgniter\View\View->render('layouts/inc/navbar.php', null, true)
 3 APPPATH\Views\layouts\header.php(18): CodeIgniter\View\View->include('layouts/inc/navbar.php')
 4 SYSTEMPATH\View\View.php(213): include('C:\\xampp\\htdocs\\ci\\app\\Views\\layouts\\header.php')
 5 SYSTEMPATH\View\View.php(216): CodeIgniter\View\View->CodeIgniter\View\{closure}()
 6 SYSTEMPATH\View\View.php(229): CodeIgniter\View\View->render('layouts/header.php', [], true)
 7 SYSTEMPATH\Common.php(1184): CodeIgniter\View\View->render('home', [], true)
 8 APPPATH\Controllers\Home.php(9): view('home')
 9 SYSTEMPATH\CodeIgniter.php(934): App\Controllers\Home->index()
10 SYSTEMPATH\CodeIgniter.php(499): CodeIgniter\CodeIgniter->runController(Object(App\Controllers\Home))
11 SYSTEMPATH\CodeIgniter.php(368): CodeIgniter\CodeIgniter->handleRequest(null, Object(Config\Cache), false)
12 FCPATH\index.php(67): CodeIgniter\CodeIgniter->run()
CRITICAL - 2023-04-30 14:18:10 --> Invalid file: "layouts/inc/navbar.php"
in SYSTEMPATH\Exceptions\FrameworkException.php on line 33.
 1 SYSTEMPATH\View\View.php(201): CodeIgniter\Exceptions\FrameworkException::forInvalidFile('layouts/inc/navbar.php')
 2 SYSTEMPATH\View\View.php(431): CodeIgniter\View\View->render('layouts/inc/navbar.php', null, true)
 3 APPPATH\Views\layouts\header.php(18): CodeIgniter\View\View->include('layouts/inc/navbar.php')
 4 SYSTEMPATH\View\View.php(213): include('C:\\xampp\\htdocs\\ci\\app\\Views\\layouts\\header.php')
 5 SYSTEMPATH\View\View.php(216): CodeIgniter\View\View->CodeIgniter\View\{closure}()
 6 SYSTEMPATH\View\View.php(229): CodeIgniter\View\View->render('layouts/header.php', [], true)
 7 SYSTEMPATH\Common.php(1184): CodeIgniter\View\View->render('home', [], true)
 8 APPPATH\Controllers\Home.php(9): view('home')
 9 SYSTEMPATH\CodeIgniter.php(934): App\Controllers\Home->index()
10 SYSTEMPATH\CodeIgniter.php(499): CodeIgniter\CodeIgniter->runController(Object(App\Controllers\Home))
11 SYSTEMPATH\CodeIgniter.php(368): CodeIgniter\CodeIgniter->handleRequest(null, Object(Config\Cache), false)
12 FCPATH\index.php(67): CodeIgniter\CodeIgniter->run()
CRITICAL - 2023-04-30 14:18:11 --> Invalid file: "layouts/inc/navbar.php"
in SYSTEMPATH\Exceptions\FrameworkException.php on line 33.
 1 SYSTEMPATH\View\View.php(201): CodeIgniter\Exceptions\FrameworkException::forInvalidFile('layouts/inc/navbar.php')
 2 SYSTEMPATH\View\View.php(431): CodeIgniter\View\View->render('layouts/inc/navbar.php', null, true)
 3 APPPATH\Views\layouts\header.php(18): CodeIgniter\View\View->include('layouts/inc/navbar.php')
 4 SYSTEMPATH\View\View.php(213): include('C:\\xampp\\htdocs\\ci\\app\\Views\\layouts\\header.php')
 5 SYSTEMPATH\View\View.php(216): CodeIgniter\View\View->CodeIgniter\View\{closure}()
 6 SYSTEMPATH\View\View.php(229): CodeIgniter\View\View->render('layouts/header.php', [], true)
 7 SYSTEMPATH\Common.php(1184): CodeIgniter\View\View->render('home', [], true)
 8 APPPATH\Controllers\Home.php(9): view('home')
 9 SYSTEMPATH\CodeIgniter.php(934): App\Controllers\Home->index()
10 SYSTEMPATH\CodeIgniter.php(499): CodeIgniter\CodeIgniter->runController(Object(App\Controllers\Home))
11 SYSTEMPATH\CodeIgniter.php(368): CodeIgniter\CodeIgniter->handleRequest(null, Object(Config\Cache), false)
12 FCPATH\index.php(67): CodeIgniter\CodeIgniter->run()
CRITICAL - 2023-04-30 14:18:13 --> Invalid file: "layouts/inc/navbar.php"
in SYSTEMPATH\Exceptions\FrameworkException.php on line 33.
 1 SYSTEMPATH\View\View.php(201): CodeIgniter\Exceptions\FrameworkException::forInvalidFile('layouts/inc/navbar.php')
 2 SYSTEMPATH\View\View.php(431): CodeIgniter\View\View->render('layouts/inc/navbar.php', null, true)
 3 APPPATH\Views\layouts\header.php(18): CodeIgniter\View\View->include('layouts/inc/navbar.php')
 4 SYSTEMPATH\View\View.php(213): include('C:\\xampp\\htdocs\\ci\\app\\Views\\layouts\\header.php')
 5 SYSTEMPATH\View\View.php(216): CodeIgniter\View\View->CodeIgniter\View\{closure}()
 6 SYSTEMPATH\View\View.php(229): CodeIgniter\View\View->render('layouts/header.php', [], true)
 7 SYSTEMPATH\Common.php(1184): CodeIgniter\View\View->render('home', [], true)
 8 APPPATH\Controllers\Home.php(9): view('home')
 9 SYSTEMPATH\CodeIgniter.php(934): App\Controllers\Home->index()
10 SYSTEMPATH\CodeIgniter.php(499): CodeIgniter\CodeIgniter->runController(Object(App\Controllers\Home))
11 SYSTEMPATH\CodeIgniter.php(368): CodeIgniter\CodeIgniter->handleRequest(null, Object(Config\Cache), false)
12 FCPATH\index.php(67): CodeIgniter\CodeIgniter->run()
CRITICAL - 2023-04-30 14:18:16 --> Invalid file: "layouts/inc/navbar.php"
in SYSTEMPATH\Exceptions\FrameworkException.php on line 33.
 1 SYSTEMPATH\View\View.php(201): CodeIgniter\Exceptions\FrameworkException::forInvalidFile('layouts/inc/navbar.php')
 2 SYSTEMPATH\View\View.php(431): CodeIgniter\View\View->render('layouts/inc/navbar.php', null, true)
 3 APPPATH\Views\layouts\header.php(18): CodeIgniter\View\View->include('layouts/inc/navbar.php')
 4 SYSTEMPATH\View\View.php(213): include('C:\\xampp\\htdocs\\ci\\app\\Views\\layouts\\header.php')
 5 SYSTEMPATH\View\View.php(216): CodeIgniter\View\View->CodeIgniter\View\{closure}()
 6 SYSTEMPATH\View\View.php(229): CodeIgniter\View\View->render('layouts/header.php', [], true)
 7 SYSTEMPATH\Common.php(1184): CodeIgniter\View\View->render('home', [], true)
 8 APPPATH\Controllers\Home.php(9): view('home')
 9 SYSTEMPATH\CodeIgniter.php(934): App\Controllers\Home->index()
10 SYSTEMPATH\CodeIgniter.php(499): CodeIgniter\CodeIgniter->runController(Object(App\Controllers\Home))
11 SYSTEMPATH\CodeIgniter.php(368): CodeIgniter\CodeIgniter->handleRequest(null, Object(Config\Cache), false)
12 FCPATH\index.php(67): CodeIgniter\CodeIgniter->run()
CRITICAL - 2023-04-30 14:18:25 --> Invalid file: "layouts/inc/navbar.php"
in SYSTEMPATH\Exceptions\FrameworkException.php on line 33.
 1 SYSTEMPATH\View\View.php(201): CodeIgniter\Exceptions\FrameworkException::forInvalidFile('layouts/inc/navbar.php')
 2 SYSTEMPATH\View\View.php(431): CodeIgniter\View\View->render('layouts/inc/navbar.php', null, true)
 3 APPPATH\Views\layouts\header.php(18): CodeIgniter\View\View->include('layouts/inc/navbar.php')
 4 SYSTEMPATH\View\View.php(213): include('C:\\xampp\\htdocs\\ci\\app\\Views\\layouts\\header.php')
 5 SYSTEMPATH\View\View.php(216): CodeIgniter\View\View->CodeIgniter\View\{closure}()
 6 SYSTEMPATH\View\View.php(229): CodeIgniter\View\View->render('layouts/header.php', [], true)
 7 SYSTEMPATH\Common.php(1184): CodeIgniter\View\View->render('home', [], true)
 8 APPPATH\Controllers\Home.php(9): view('home')
 9 SYSTEMPATH\CodeIgniter.php(934): App\Controllers\Home->index()
10 SYSTEMPATH\CodeIgniter.php(499): CodeIgniter\CodeIgniter->runController(Object(App\Controllers\Home))
11 SYSTEMPATH\CodeIgniter.php(368): CodeIgniter\CodeIgniter->handleRequest(null, Object(Config\Cache), false)
12 FCPATH\index.php(67): CodeIgniter\CodeIgniter->run()
CRITICAL - 2023-04-30 14:18:30 --> Invalid file: "layouts/inc/navbar.php"
in SYSTEMPATH\Exceptions\FrameworkException.php on line 33.
 1 SYSTEMPATH\View\View.php(201): CodeIgniter\Exceptions\FrameworkException::forInvalidFile('layouts/inc/navbar.php')
 2 SYSTEMPATH\View\View.php(431): CodeIgniter\View\View->render('layouts/inc/navbar.php', null, true)
 3 APPPATH\Views\layouts\header.php(18): CodeIgniter\View\View->include('layouts/inc/navbar.php')
 4 SYSTEMPATH\View\View.php(213): include('C:\\xampp\\htdocs\\ci\\app\\Views\\layouts\\header.php')
 5 SYSTEMPATH\View\View.php(216): CodeIgniter\View\View->CodeIgniter\View\{closure}()
 6 SYSTEMPATH\View\View.php(229): CodeIgniter\View\View->render('layouts/header.php', [], true)
 7 SYSTEMPATH\Common.php(1184): CodeIgniter\View\View->render('home', [], true)
 8 APPPATH\Controllers\Home.php(9): view('home')
 9 SYSTEMPATH\CodeIgniter.php(934): App\Controllers\Home->index()
10 SYSTEMPATH\CodeIgniter.php(499): CodeIgniter\CodeIgniter->runController(Object(App\Controllers\Home))
11 SYSTEMPATH\CodeIgniter.php(368): CodeIgniter\CodeIgniter->handleRequest(null, Object(Config\Cache), false)
12 FCPATH\index.php(67): CodeIgniter\CodeIgniter->run()
CRITICAL - 2023-04-30 14:19:18 --> Invalid file: "layouts/inc/navbar.php"
in SYSTEMPATH\Exceptions\FrameworkException.php on line 33.
 1 SYSTEMPATH\View\View.php(201): CodeIgniter\Exceptions\FrameworkException::forInvalidFile('layouts/inc/navbar.php')
 2 SYSTEMPATH\View\View.php(431): CodeIgniter\View\View->render('layouts/inc/navbar.php', null, true)
 3 APPPATH\Views\layouts\header.php(18): CodeIgniter\View\View->include('layouts/inc/navbar.php')
 4 SYSTEMPATH\View\View.php(213): include('C:\\xampp\\htdocs\\ci\\app\\Views\\layouts\\header.php')
 5 SYSTEMPATH\View\View.php(216): CodeIgniter\View\View->CodeIgniter\View\{closure}()
 6 SYSTEMPATH\View\View.php(229): CodeIgniter\View\View->render('layouts/header.php', [], true)
 7 SYSTEMPATH\Common.php(1184): CodeIgniter\View\View->render('home', [], true)
 8 APPPATH\Controllers\Home.php(9): view('home')
 9 SYSTEMPATH\CodeIgniter.php(934): App\Controllers\Home->index()
10 SYSTEMPATH\CodeIgniter.php(499): CodeIgniter\CodeIgniter->runController(Object(App\Controllers\Home))
11 SYSTEMPATH\CodeIgniter.php(368): CodeIgniter\CodeIgniter->handleRequest(null, Object(Config\Cache), false)
12 FCPATH\index.php(67): CodeIgniter\CodeIgniter->run()
CRITICAL - 2023-04-30 14:22:01 --> Invalid file: "layouts/inc/navbar.php"
in SYSTEMPATH\Exceptions\FrameworkException.php on line 33.
 1 SYSTEMPATH\View\View.php(201): CodeIgniter\Exceptions\FrameworkException::forInvalidFile('layouts/inc/navbar.php')
 2 SYSTEMPATH\View\View.php(431): CodeIgniter\View\View->render('layouts/inc/navbar.php', null, true)
 3 APPPATH\Views\layouts\header.php(18): CodeIgniter\View\View->include('layouts/inc/navbar.php')
 4 SYSTEMPATH\View\View.php(213): include('C:\\xampp\\htdocs\\ci\\app\\Views\\layouts\\header.php')
 5 SYSTEMPATH\View\View.php(216): CodeIgniter\View\View->CodeIgniter\View\{closure}()
 6 SYSTEMPATH\View\View.php(229): CodeIgniter\View\View->render('layouts/header.php', [], true)
 7 SYSTEMPATH\Common.php(1184): CodeIgniter\View\View->render('home', [], true)
 8 APPPATH\Controllers\Home.php(9): view('home')
 9 SYSTEMPATH\CodeIgniter.php(934): App\Controllers\Home->index()
10 SYSTEMPATH\CodeIgniter.php(499): CodeIgniter\CodeIgniter->runController(Object(App\Controllers\Home))
11 SYSTEMPATH\CodeIgniter.php(368): CodeIgniter\CodeIgniter->handleRequest(null, Object(Config\Cache), false)
12 FCPATH\index.php(67): CodeIgniter\CodeIgniter->run()
CRITICAL - 2023-04-30 14:22:03 --> Invalid file: "layouts/inc/navbar.php"
in SYSTEMPATH\Exceptions\FrameworkException.php on line 33.
 1 SYSTEMPATH\View\View.php(201): CodeIgniter\Exceptions\FrameworkException::forInvalidFile('layouts/inc/navbar.php')
 2 SYSTEMPATH\View\View.php(431): CodeIgniter\View\View->render('layouts/inc/navbar.php', null, true)
 3 APPPATH\Views\layouts\header.php(18): CodeIgniter\View\View->include('layouts/inc/navbar.php')
 4 SYSTEMPATH\View\View.php(213): include('C:\\xampp\\htdocs\\ci\\app\\Views\\layouts\\header.php')
 5 SYSTEMPATH\View\View.php(216): CodeIgniter\View\View->CodeIgniter\View\{closure}()
 6 SYSTEMPATH\View\View.php(229): CodeIgniter\View\View->render('layouts/header.php', [], true)
 7 SYSTEMPATH\Common.php(1184): CodeIgniter\View\View->render('home', [], true)
 8 APPPATH\Controllers\Home.php(9): view('home')
 9 SYSTEMPATH\CodeIgniter.php(934): App\Controllers\Home->index()
10 SYSTEMPATH\CodeIgniter.php(499): CodeIgniter\CodeIgniter->runController(Object(App\Controllers\Home))
11 SYSTEMPATH\CodeIgniter.php(368): CodeIgniter\CodeIgniter->handleRequest(null, Object(Config\Cache), false)
12 FCPATH\index.php(67): CodeIgniter\CodeIgniter->run()
CRITICAL - 2023-04-30 14:46:09 --> Undefined property: App\Controllers\Home::$load
in APPPATH\Controllers\Home.php on line 9.
 1 APPPATH\Controllers\Home.php(9): CodeIgniter\Debug\Exceptions->errorHandler(2, 'Undefined property: App\\Controllers\\Home::$load', 'C:\\xampp\\htdocs\\ci\\app\\Controllers\\Home.php', 9)
 2 SYSTEMPATH\CodeIgniter.php(934): App\Controllers\Home->index()
 3 SYSTEMPATH\CodeIgniter.php(499): CodeIgniter\CodeIgniter->runController(Object(App\Controllers\Home))
 4 SYSTEMPATH\CodeIgniter.php(368): CodeIgniter\CodeIgniter->handleRequest(null, Object(Config\Cache), false)
 5 FCPATH\index.php(67): CodeIgniter\CodeIgniter->run()
CRITICAL - 2023-04-30 15:04:08 --> Undefined variable $result
in APPPATH\Views\messages.php on line 33.
 1 APPPATH\Views\messages.php(33): CodeIgniter\Debug\Exceptions->errorHandler(2, 'Undefined variable $result', 'C:\\xampp\\htdocs\\ci\\app\\Views\\messages.php', 33)
 2 SYSTEMPATH\View\View.php(213): include('C:\\xampp\\htdocs\\ci\\app\\Views\\messages.php')
 3 SYSTEMPATH\View\View.php(216): CodeIgniter\View\View->CodeIgniter\View\{closure}()
 4 SYSTEMPATH\Common.php(1184): CodeIgniter\View\View->render('messages', [], true)
 5 APPPATH\Controllers\Messages.php(9): view('messages')
 6 SYSTEMPATH\CodeIgniter.php(934): App\Controllers\Messages->index()
 7 SYSTEMPATH\CodeIgniter.php(499): CodeIgniter\CodeIgniter->runController(Object(App\Controllers\Messages))
 8 SYSTEMPATH\CodeIgniter.php(368): CodeIgniter\CodeIgniter->handleRequest(null, Object(Config\Cache), false)
 9 FCPATH\index.php(67): CodeIgniter\CodeIgniter->run()
CRITICAL - 2023-04-30 15:04:41 --> Undefined variable $row
in APPPATH\Views\messages.php on line 35.
 1 APPPATH\Views\messages.php(35): CodeIgniter\Debug\Exceptions->errorHandler(2, 'Undefined variable $row', 'C:\\xampp\\htdocs\\ci\\app\\Views\\messages.php', 35)
 2 SYSTEMPATH\View\View.php(213): include('C:\\xampp\\htdocs\\ci\\app\\Views\\messages.php')
 3 SYSTEMPATH\View\View.php(216): CodeIgniter\View\View->CodeIgniter\View\{closure}()
 4 SYSTEMPATH\Common.php(1184): CodeIgniter\View\View->render('messages', [], true)
 5 APPPATH\Controllers\Messages.php(9): view('messages')
 6 SYSTEMPATH\CodeIgniter.php(934): App\Controllers\Messages->index()
 7 SYSTEMPATH\CodeIgniter.php(499): CodeIgniter\CodeIgniter->runController(Object(App\Controllers\Messages))
 8 SYSTEMPATH\CodeIgniter.php(368): CodeIgniter\CodeIgniter->handleRequest(null, Object(Config\Cache), false)
 9 FCPATH\index.php(67): CodeIgniter\CodeIgniter->run()
